{"C:\\Users\\Willy\\Downloads\\Bootcamp\\Assignments\\Capstone Project 2\\Capstone Project 2\\App.js": {"path":"C:\\Users\\Willy\\Downloads\\Bootcamp\\Assignments\\Capstone Project 2\\Capstone Project 2\\App.js","statementMap":{"0":{"start":{"line":33,"column":0},"end":{"line":33,"column":36}},"1":{"start":{"line":35,"column":12},"end":{"line":35,"column":43}},"2":{"start":{"line":36,"column":14},"end":{"line":36,"column":42}},"3":{"start":{"line":39,"column":2},"end":{"line":44,"column":4}},"4":{"start":{"line":48,"column":20},"end":{"line":48,"column":30}},"5":{"start":{"line":49,"column":2},"end":{"line":131,"column":4}},"6":{"start":{"line":52,"column":39},"end":{"line":107,"column":9}},"7":{"start":{"line":83,"column":12},"end":{"line":95,"column":13}},"8":{"start":{"line":84,"column":14},"end":{"line":84,"column":59}},"9":{"start":{"line":85,"column":19},"end":{"line":95,"column":13}},"10":{"start":{"line":86,"column":14},"end":{"line":86,"column":71}},"11":{"start":{"line":87,"column":19},"end":{"line":95,"column":13}},"12":{"start":{"line":88,"column":14},"end":{"line":88,"column":63}},"13":{"start":{"line":89,"column":19},"end":{"line":95,"column":13}},"14":{"start":{"line":90,"column":14},"end":{"line":90,"column":67}},"15":{"start":{"line":91,"column":19},"end":{"line":95,"column":13}},"16":{"start":{"line":92,"column":14},"end":{"line":92,"column":87}},"17":{"start":{"line":93,"column":19},"end":{"line":95,"column":13}},"18":{"start":{"line":94,"column":14},"end":{"line":94,"column":73}},"19":{"start":{"line":97,"column":12},"end":{"line":105,"column":14}},"20":{"start":{"line":135,"column":2},"end":{"line":185,"column":4}},"21":{"start":{"line":145,"column":38},"end":{"line":147,"column":9}},"22":{"start":{"line":146,"column":24},"end":{"line":146,"column":87}},"23":{"start":{"line":152,"column":38},"end":{"line":154,"column":9}},"24":{"start":{"line":153,"column":24},"end":{"line":153,"column":90}},"25":{"start":{"line":159,"column":38},"end":{"line":161,"column":9}},"26":{"start":{"line":160,"column":24},"end":{"line":160,"column":81}},"27":{"start":{"line":166,"column":38},"end":{"line":168,"column":9}},"28":{"start":{"line":167,"column":24},"end":{"line":167,"column":85}},"29":{"start":{"line":173,"column":38},"end":{"line":175,"column":9}},"30":{"start":{"line":174,"column":24},"end":{"line":174,"column":78}},"31":{"start":{"line":180,"column":38},"end":{"line":182,"column":9}},"32":{"start":{"line":181,"column":24},"end":{"line":181,"column":87}},"33":{"start":{"line":193,"column":41},"end":{"line":193,"column":55}},"34":{"start":{"line":194,"column":26},"end":{"line":194,"column":42}},"35":{"start":{"line":195,"column":38},"end":{"line":195,"column":53}},"36":{"start":{"line":197,"column":2},"end":{"line":214,"column":9}},"37":{"start":{"line":199,"column":6},"end":{"line":210,"column":7}},"38":{"start":{"line":201,"column":8},"end":{"line":201,"column":26}},"39":{"start":{"line":202,"column":8},"end":{"line":204,"column":9}},"40":{"start":{"line":203,"column":10},"end":{"line":203,"column":30}},"41":{"start":{"line":206,"column":8},"end":{"line":206,"column":53}},"42":{"start":{"line":208,"column":8},"end":{"line":208,"column":28}},"43":{"start":{"line":209,"column":8},"end":{"line":209,"column":39}},"44":{"start":{"line":213,"column":4},"end":{"line":213,"column":14}},"45":{"start":{"line":217,"column":2},"end":{"line":221,"column":24}},"46":{"start":{"line":218,"column":4},"end":{"line":220,"column":5}},"47":{"start":{"line":219,"column":6},"end":{"line":219,"column":20}},"48":{"start":{"line":223,"column":2},"end":{"line":225,"column":3}},"49":{"start":{"line":224,"column":4},"end":{"line":224,"column":16}},"50":{"start":{"line":227,"column":2},"end":{"line":233,"column":4}},"51":{"start":{"line":229,"column":36},"end":{"line":229,"column":56}},"52":{"start":{"line":242,"column":19},"end":{"line":255,"column":1}},"53":{"start":{"line":243,"column":32},"end":{"line":243,"column":42}},"54":{"start":{"line":245,"column":2},"end":{"line":254,"column":4}},"55":{"start":{"line":257,"column":0},"end":{"line":259,"column":2}}},"fnMap":{"0":{"name":"AuthStack","decl":{"start":{"line":38,"column":9},"end":{"line":38,"column":18}},"loc":{"start":{"line":38,"column":21},"end":{"line":45,"column":1}},"line":38},"1":{"name":"MainTabs","decl":{"start":{"line":47,"column":9},"end":{"line":47,"column":17}},"loc":{"start":{"line":47,"column":20},"end":{"line":132,"column":1}},"line":47},"2":{"name":"(anonymous_2)","decl":{"start":{"line":52,"column":23},"end":{"line":52,"column":24}},"loc":{"start":{"line":52,"column":39},"end":{"line":107,"column":9}},"line":52},"3":{"name":"(anonymous_3)","decl":{"start":{"line":80,"column":22},"end":{"line":80,"column":23}},"loc":{"start":{"line":80,"column":46},"end":{"line":106,"column":11}},"line":80},"4":{"name":"MainStack","decl":{"start":{"line":134,"column":9},"end":{"line":134,"column":18}},"loc":{"start":{"line":134,"column":21},"end":{"line":186,"column":1}},"line":134},"5":{"name":"(anonymous_5)","decl":{"start":{"line":145,"column":17},"end":{"line":145,"column":18}},"loc":{"start":{"line":145,"column":38},"end":{"line":147,"column":9}},"line":145},"6":{"name":"(anonymous_6)","decl":{"start":{"line":146,"column":18},"end":{"line":146,"column":19}},"loc":{"start":{"line":146,"column":24},"end":{"line":146,"column":87}},"line":146},"7":{"name":"(anonymous_7)","decl":{"start":{"line":152,"column":17},"end":{"line":152,"column":18}},"loc":{"start":{"line":152,"column":38},"end":{"line":154,"column":9}},"line":152},"8":{"name":"(anonymous_8)","decl":{"start":{"line":153,"column":18},"end":{"line":153,"column":19}},"loc":{"start":{"line":153,"column":24},"end":{"line":153,"column":90}},"line":153},"9":{"name":"(anonymous_9)","decl":{"start":{"line":159,"column":17},"end":{"line":159,"column":18}},"loc":{"start":{"line":159,"column":38},"end":{"line":161,"column":9}},"line":159},"10":{"name":"(anonymous_10)","decl":{"start":{"line":160,"column":18},"end":{"line":160,"column":19}},"loc":{"start":{"line":160,"column":24},"end":{"line":160,"column":81}},"line":160},"11":{"name":"(anonymous_11)","decl":{"start":{"line":166,"column":17},"end":{"line":166,"column":18}},"loc":{"start":{"line":166,"column":38},"end":{"line":168,"column":9}},"line":166},"12":{"name":"(anonymous_12)","decl":{"start":{"line":167,"column":18},"end":{"line":167,"column":19}},"loc":{"start":{"line":167,"column":24},"end":{"line":167,"column":85}},"line":167},"13":{"name":"(anonymous_13)","decl":{"start":{"line":173,"column":17},"end":{"line":173,"column":18}},"loc":{"start":{"line":173,"column":38},"end":{"line":175,"column":9}},"line":173},"14":{"name":"(anonymous_14)","decl":{"start":{"line":174,"column":18},"end":{"line":174,"column":19}},"loc":{"start":{"line":174,"column":24},"end":{"line":174,"column":78}},"line":174},"15":{"name":"(anonymous_15)","decl":{"start":{"line":180,"column":17},"end":{"line":180,"column":18}},"loc":{"start":{"line":180,"column":38},"end":{"line":182,"column":9}},"line":180},"16":{"name":"(anonymous_16)","decl":{"start":{"line":181,"column":18},"end":{"line":181,"column":19}},"loc":{"start":{"line":181,"column":24},"end":{"line":181,"column":87}},"line":181},"17":{"name":"App","decl":{"start":{"line":192,"column":24},"end":{"line":192,"column":27}},"loc":{"start":{"line":192,"column":30},"end":{"line":234,"column":1}},"line":192},"18":{"name":"(anonymous_18)","decl":{"start":{"line":197,"column":12},"end":{"line":197,"column":13}},"loc":{"start":{"line":197,"column":18},"end":{"line":214,"column":3}},"line":197},"19":{"name":"prepare","decl":{"start":{"line":198,"column":19},"end":{"line":198,"column":26}},"loc":{"start":{"line":198,"column":29},"end":{"line":211,"column":5}},"line":198},"20":{"name":"(anonymous_20)","decl":{"start":{"line":217,"column":12},"end":{"line":217,"column":13}},"loc":{"start":{"line":217,"column":18},"end":{"line":221,"column":3}},"line":217},"21":{"name":"(anonymous_21)","decl":{"start":{"line":229,"column":30},"end":{"line":229,"column":31}},"loc":{"start":{"line":229,"column":36},"end":{"line":229,"column":56}},"line":229},"22":{"name":"(anonymous_22)","decl":{"start":{"line":242,"column":19},"end":{"line":242,"column":20}},"loc":{"start":{"line":242,"column":44},"end":{"line":255,"column":1}},"line":242}},"branchMap":{"0":{"loc":{"start":{"line":83,"column":12},"end":{"line":95,"column":13}},"type":"if","locations":[{"start":{"line":83,"column":12},"end":{"line":95,"column":13}},{"start":{"line":85,"column":19},"end":{"line":95,"column":13}}],"line":83},"1":{"loc":{"start":{"line":84,"column":25},"end":{"line":84,"column":58}},"type":"cond-expr","locations":[{"start":{"line":84,"column":35},"end":{"line":84,"column":41}},{"start":{"line":84,"column":44},"end":{"line":84,"column":58}}],"line":84},"2":{"loc":{"start":{"line":85,"column":19},"end":{"line":95,"column":13}},"type":"if","locations":[{"start":{"line":85,"column":19},"end":{"line":95,"column":13}},{"start":{"line":87,"column":19},"end":{"line":95,"column":13}}],"line":85},"3":{"loc":{"start":{"line":86,"column":25},"end":{"line":86,"column":70}},"type":"cond-expr","locations":[{"start":{"line":86,"column":35},"end":{"line":86,"column":47}},{"start":{"line":86,"column":50},"end":{"line":86,"column":70}}],"line":86},"4":{"loc":{"start":{"line":87,"column":19},"end":{"line":95,"column":13}},"type":"if","locations":[{"start":{"line":87,"column":19},"end":{"line":95,"column":13}},{"start":{"line":89,"column":19},"end":{"line":95,"column":13}}],"line":87},"5":{"loc":{"start":{"line":88,"column":25},"end":{"line":88,"column":62}},"type":"cond-expr","locations":[{"start":{"line":88,"column":35},"end":{"line":88,"column":43}},{"start":{"line":88,"column":46},"end":{"line":88,"column":62}}],"line":88},"6":{"loc":{"start":{"line":89,"column":19},"end":{"line":95,"column":13}},"type":"if","locations":[{"start":{"line":89,"column":19},"end":{"line":95,"column":13}},{"start":{"line":91,"column":19},"end":{"line":95,"column":13}}],"line":89},"7":{"loc":{"start":{"line":90,"column":25},"end":{"line":90,"column":66}},"type":"cond-expr","locations":[{"start":{"line":90,"column":35},"end":{"line":90,"column":45}},{"start":{"line":90,"column":48},"end":{"line":90,"column":66}}],"line":90},"8":{"loc":{"start":{"line":91,"column":19},"end":{"line":95,"column":13}},"type":"if","locations":[{"start":{"line":91,"column":19},"end":{"line":95,"column":13}},{"start":{"line":93,"column":19},"end":{"line":95,"column":13}}],"line":91},"9":{"loc":{"start":{"line":92,"column":25},"end":{"line":92,"column":86}},"type":"cond-expr","locations":[{"start":{"line":92,"column":35},"end":{"line":92,"column":55}},{"start":{"line":92,"column":58},"end":{"line":92,"column":86}}],"line":92},"10":{"loc":{"start":{"line":93,"column":19},"end":{"line":95,"column":13}},"type":"if","locations":[{"start":{"line":93,"column":19},"end":{"line":95,"column":13}},{"start":{},"end":{}}],"line":93},"11":{"loc":{"start":{"line":94,"column":25},"end":{"line":94,"column":72}},"type":"cond-expr","locations":[{"start":{"line":94,"column":35},"end":{"line":94,"column":48}},{"start":{"line":94,"column":51},"end":{"line":94,"column":72}}],"line":94},"12":{"loc":{"start":{"line":99,"column":33},"end":{"line":99,"column":83}},"type":"cond-expr","locations":[{"start":{"line":99,"column":43},"end":{"line":99,"column":67}},{"start":{"line":99,"column":70},"end":{"line":99,"column":83}}],"line":99},"13":{"loc":{"start":{"line":202,"column":8},"end":{"line":204,"column":9}},"type":"if","locations":[{"start":{"line":202,"column":8},"end":{"line":204,"column":9}},{"start":{},"end":{}}],"line":202},"14":{"loc":{"start":{"line":218,"column":4},"end":{"line":220,"column":5}},"type":"if","locations":[{"start":{"line":218,"column":4},"end":{"line":220,"column":5}},{"start":{},"end":{}}],"line":218},"15":{"loc":{"start":{"line":223,"column":2},"end":{"line":225,"column":3}},"type":"if","locations":[{"start":{"line":223,"column":2},"end":{"line":225,"column":3}},{"start":{},"end":{}}],"line":223},"16":{"loc":{"start":{"line":248,"column":26},"end":{"line":248,"column":55}},"type":"cond-expr","locations":[{"start":{"line":248,"column":39},"end":{"line":248,"column":46}},{"start":{"line":248,"column":49},"end":{"line":248,"column":55}}],"line":248},"17":{"loc":{"start":{"line":250,"column":11},"end":{"line":250,"column":58}},"type":"cond-expr","locations":[{"start":{"line":250,"column":29},"end":{"line":250,"column":42}},{"start":{"line":250,"column":45},"end":{"line":250,"column":58}}],"line":250}},"s":{"0":0,"1":0,"2":0,"3":0,"4":0,"5":0,"6":0,"7":0,"8":0,"9":0,"10":0,"11":0,"12":0,"13":0,"14":0,"15":0,"16":0,"17":0,"18":0,"19":0,"20":0,"21":0,"22":0,"23":0,"24":0,"25":0,"26":0,"27":0,"28":0,"29":0,"30":0,"31":0,"32":0,"33":0,"34":0,"35":0,"36":0,"37":0,"38":0,"39":0,"40":0,"41":0,"42":0,"43":0,"44":0,"45":0,"46":0,"47":0,"48":0,"49":0,"50":0,"51":0,"52":0,"53":0,"54":0,"55":0},"f":{"0":0,"1":0,"2":0,"3":0,"4":0,"5":0,"6":0,"7":0,"8":0,"9":0,"10":0,"11":0,"12":0,"13":0,"14":0,"15":0,"16":0,"17":0,"18":0,"19":0,"20":0,"21":0,"22":0},"b":{"0":[0,0],"1":[0,0],"2":[0,0],"3":[0,0],"4":[0,0],"5":[0,0],"6":[0,0],"7":[0,0],"8":[0,0],"9":[0,0],"10":[0,0],"11":[0,0],"12":[0,0],"13":[0,0],"14":[0,0],"15":[0,0],"16":[0,0],"17":[0,0]}}
,"C:\\Users\\Willy\\Downloads\\Bootcamp\\Assignments\\Capstone Project 2\\Capstone Project 2\\app.config.js": {"path":"C:\\Users\\Willy\\Downloads\\Bootcamp\\Assignments\\Capstone Project 2\\Capstone Project 2\\app.config.js","statementMap":{"0":{"start":{"line":2,"column":16},"end":{"line":2,"column":37}}},"fnMap":{},"branchMap":{},"s":{"0":0},"f":{},"b":{}}
,"C:\\Users\\Willy\\Downloads\\Bootcamp\\Assignments\\Capstone Project 2\\Capstone Project 2\\metro.config.js": {"path":"C:\\Users\\Willy\\Downloads\\Bootcamp\\Assignments\\Capstone Project 2\\Capstone Project 2\\metro.config.js","statementMap":{"0":{"start":{"line":2,"column":29},"end":{"line":2,"column":57}},"1":{"start":{"line":4,"column":15},"end":{"line":4,"column":42}},"2":{"start":{"line":6,"column":0},"end":{"line":6,"column":24}}},"fnMap":{},"branchMap":{},"s":{"0":0,"1":0,"2":0},"f":{},"b":{}}
,"C:\\Users\\Willy\\Downloads\\Bootcamp\\Assignments\\Capstone Project 2\\Capstone Project 2\\srccomponents\\ErrorBoundary.js": {"path":"C:\\Users\\Willy\\Downloads\\Bootcamp\\Assignments\\Capstone Project 2\\Capstone Project 2\\srccomponents\\ErrorBoundary.js","statementMap":{"0":{"start":{"line":8,"column":4},"end":{"line":8,"column":17}},"1":{"start":{"line":9,"column":4},"end":{"line":9,"column":50}},"2":{"start":{"line":13,"column":4},"end":{"line":13,"column":37}},"3":{"start":{"line":18,"column":4},"end":{"line":18,"column":65}},"4":{"start":{"line":22,"column":32},"end":{"line":22,"column":42}},"5":{"start":{"line":23,"column":22},"end":{"line":23,"column":32}},"6":{"start":{"line":25,"column":4},"end":{"line":45,"column":5}},"7":{"start":{"line":26,"column":6},"end":{"line":44,"column":8}},"8":{"start":{"line":35,"column":14},"end":{"line":35,"column":62}},"9":{"start":{"line":36,"column":14},"end":{"line":38,"column":15}},"10":{"start":{"line":37,"column":16},"end":{"line":37,"column":37}},"11":{"start":{"line":47,"column":4},"end":{"line":47,"column":31}},"12":{"start":{"line":51,"column":0},"end":{"line":55,"column":2}},"13":{"start":{"line":57,"column":15},"end":{"line":84,"column":2}},"14":{"start":{"line":87,"column":22},"end":{"line":90,"column":1}},"15":{"start":{"line":88,"column":20},"end":{"line":88,"column":30}},"16":{"start":{"line":89,"column":2},"end":{"line":89,"column":57}},"17":{"start":{"line":92,"column":0},"end":{"line":95,"column":2}}},"fnMap":{"0":{"name":"(anonymous_0)","decl":{"start":{"line":7,"column":2},"end":{"line":7,"column":3}},"loc":{"start":{"line":7,"column":21},"end":{"line":10,"column":3}},"line":7},"1":{"name":"(anonymous_1)","decl":{"start":{"line":12,"column":2},"end":{"line":12,"column":3}},"loc":{"start":{"line":12,"column":41},"end":{"line":14,"column":3}},"line":12},"2":{"name":"(anonymous_2)","decl":{"start":{"line":16,"column":2},"end":{"line":16,"column":3}},"loc":{"start":{"line":16,"column":38},"end":{"line":19,"column":3}},"line":16},"3":{"name":"(anonymous_3)","decl":{"start":{"line":21,"column":2},"end":{"line":21,"column":3}},"loc":{"start":{"line":21,"column":11},"end":{"line":48,"column":3}},"line":21},"4":{"name":"(anonymous_4)","decl":{"start":{"line":34,"column":21},"end":{"line":34,"column":22}},"loc":{"start":{"line":34,"column":27},"end":{"line":39,"column":13}},"line":34},"5":{"name":"(anonymous_5)","decl":{"start":{"line":87,"column":22},"end":{"line":87,"column":23}},"loc":{"start":{"line":87,"column":33},"end":{"line":90,"column":1}},"line":87}},"branchMap":{"0":{"loc":{"start":{"line":25,"column":4},"end":{"line":45,"column":5}},"type":"if","locations":[{"start":{"line":25,"column":4},"end":{"line":45,"column":5}},{"start":{},"end":{}}],"line":25},"1":{"loc":{"start":{"line":30,"column":13},"end":{"line":30,"column":61}},"type":"binary-expr","locations":[{"start":{"line":30,"column":13},"end":{"line":30,"column":27}},{"start":{"line":30,"column":31},"end":{"line":30,"column":61}}],"line":30},"2":{"loc":{"start":{"line":36,"column":14},"end":{"line":38,"column":15}},"type":"if","locations":[{"start":{"line":36,"column":14},"end":{"line":38,"column":15}},{"start":{},"end":{}}],"line":36}},"s":{"0":9,"1":9,"2":7,"3":5,"4":16,"5":16,"6":16,"7":7,"8":0,"9":0,"10":0,"11":9,"12":2,"13":2,"14":2,"15":11,"16":9,"17":2},"f":{"0":9,"1":7,"2":5,"3":16,"4":0,"5":11},"b":{"0":[7,9],"1":[7,0],"2":[0,0]},"_coverageSchema":"1a1c01bbd47fc00a2c39e90264f33305004495a9","hash":"bb230a5878afc525092127f377345aeec64bfdf9"}
,"C:\\Users\\Willy\\Downloads\\Bootcamp\\Assignments\\Capstone Project 2\\Capstone Project 2\\srccomponents\\SwipeableTabView.js": {"path":"C:\\Users\\Willy\\Downloads\\Bootcamp\\Assignments\\Capstone Project 2\\Capstone Project 2\\srccomponents\\SwipeableTabView.js","statementMap":{"0":{"start":{"line":4,"column":18},"end":{"line":4,"column":42}},"1":{"start":{"line":5,"column":24},"end":{"line":5,"column":27}},"2":{"start":{"line":7,"column":25},"end":{"line":34,"column":1}},"3":{"start":{"line":8,"column":23},"end":{"line":27,"column":11}},"4":{"start":{"line":10,"column":42},"end":{"line":10,"column":46}},"5":{"start":{"line":12,"column":27},"end":{"line":12,"column":39}},"6":{"start":{"line":13,"column":8},"end":{"line":13,"column":47}},"7":{"start":{"line":16,"column":23},"end":{"line":16,"column":35}},"8":{"start":{"line":18,"column":8},"end":{"line":24,"column":9}},"9":{"start":{"line":20,"column":10},"end":{"line":20,"column":38}},"10":{"start":{"line":21,"column":15},"end":{"line":24,"column":9}},"11":{"start":{"line":23,"column":10},"end":{"line":23,"column":38}},"12":{"start":{"line":29,"column":2},"end":{"line":33,"column":4}},"13":{"start":{"line":36,"column":15},"end":{"line":41,"column":2}}},"fnMap":{"0":{"name":"(anonymous_0)","decl":{"start":{"line":7,"column":25},"end":{"line":7,"column":26}},"loc":{"start":{"line":7,"column":78},"end":{"line":34,"column":1}},"line":7},"1":{"name":"(anonymous_1)","decl":{"start":{"line":10,"column":36},"end":{"line":10,"column":37}},"loc":{"start":{"line":10,"column":42},"end":{"line":10,"column":46}},"line":10},"2":{"name":"(anonymous_2)","decl":{"start":{"line":11,"column":35},"end":{"line":11,"column":36}},"loc":{"start":{"line":11,"column":56},"end":{"line":14,"column":7}},"line":11},"3":{"name":"(anonymous_3)","decl":{"start":{"line":15,"column":29},"end":{"line":15,"column":30}},"loc":{"start":{"line":15,"column":50},"end":{"line":25,"column":7}},"line":15}},"branchMap":{"0":{"loc":{"start":{"line":18,"column":8},"end":{"line":24,"column":9}},"type":"if","locations":[{"start":{"line":18,"column":8},"end":{"line":24,"column":9}},{"start":{"line":21,"column":15},"end":{"line":24,"column":9}}],"line":18},"1":{"loc":{"start":{"line":18,"column":12},"end":{"line":18,"column":49}},"type":"binary-expr","locations":[{"start":{"line":18,"column":12},"end":{"line":18,"column":32}},{"start":{"line":18,"column":36},"end":{"line":18,"column":49}}],"line":18},"2":{"loc":{"start":{"line":21,"column":15},"end":{"line":24,"column":9}},"type":"if","locations":[{"start":{"line":21,"column":15},"end":{"line":24,"column":9}},{"start":{},"end":{}}],"line":21},"3":{"loc":{"start":{"line":21,"column":19},"end":{"line":21,"column":68}},"type":"binary-expr","locations":[{"start":{"line":21,"column":19},"end":{"line":21,"column":40}},{"start":{"line":21,"column":44},"end":{"line":21,"column":68}}],"line":21}},"s":{"0":0,"1":0,"2":0,"3":0,"4":0,"5":0,"6":0,"7":0,"8":0,"9":0,"10":0,"11":0,"12":0,"13":0},"f":{"0":0,"1":0,"2":0,"3":0},"b":{"0":[0,0],"1":[0,0],"2":[0,0],"3":[0,0]}}
,"C:\\Users\\Willy\\Downloads\\Bootcamp\\Assignments\\Capstone Project 2\\Capstone Project 2\\srccomponents\\ThemedHeader.js": {"path":"C:\\Users\\Willy\\Downloads\\Bootcamp\\Assignments\\Capstone Project 2\\Capstone Project 2\\srccomponents\\ThemedHeader.js","statementMap":{"0":{"start":{"line":6,"column":21},"end":{"line":22,"column":1}},"1":{"start":{"line":7,"column":20},"end":{"line":7,"column":30}},"2":{"start":{"line":9,"column":2},"end":{"line":21,"column":4}},"3":{"start":{"line":13,"column":23},"end":{"line":13,"column":42}},"4":{"start":{"line":24,"column":15},"end":{"line":41,"column":2}}},"fnMap":{"0":{"name":"(anonymous_0)","decl":{"start":{"line":6,"column":21},"end":{"line":6,"column":22}},"loc":{"start":{"line":6,"column":48},"end":{"line":22,"column":1}},"line":6},"1":{"name":"(anonymous_1)","decl":{"start":{"line":13,"column":17},"end":{"line":13,"column":18}},"loc":{"start":{"line":13,"column":23},"end":{"line":13,"column":42}},"line":13}},"branchMap":{},"s":{"0":0,"1":0,"2":0,"3":0,"4":0},"f":{"0":0,"1":0},"b":{}}
,"C:\\Users\\Willy\\Downloads\\Bootcamp\\Assignments\\Capstone Project 2\\Capstone Project 2\\srcconfig\\firebase.js": {"path":"C:\\Users\\Willy\\Downloads\\Bootcamp\\Assignments\\Capstone Project 2\\Capstone Project 2\\srcconfig\\firebase.js","statementMap":{"0":{"start":{"line":7,"column":23},"end":{"line":14,"column":1}},"1":{"start":{"line":17,"column":0},"end":{"line":19,"column":1}},"2":{"start":{"line":18,"column":2},"end":{"line":18,"column":41}},"3":{"start":{"line":21,"column":13},"end":{"line":21,"column":28}},"4":{"start":{"line":22,"column":11},"end":{"line":22,"column":31}}},"fnMap":{},"branchMap":{"0":{"loc":{"start":{"line":17,"column":0},"end":{"line":19,"column":1}},"type":"if","locations":[{"start":{"line":17,"column":0},"end":{"line":19,"column":1}},{"start":{},"end":{}}],"line":17}},"s":{"0":0,"1":0,"2":0,"3":0,"4":0},"f":{},"b":{"0":[0,0]}}
,"C:\\Users\\Willy\\Downloads\\Bootcamp\\Assignments\\Capstone Project 2\\Capstone Project 2\\srccontext\\ThemeContext.js": {"path":"C:\\Users\\Willy\\Downloads\\Bootcamp\\Assignments\\Capstone Project 2\\Capstone Project 2\\srccontext\\ThemeContext.js","statementMap":{"0":{"start":{"line":5,"column":26},"end":{"line":15,"column":1}},"1":{"start":{"line":17,"column":25},"end":{"line":27,"column":1}},"2":{"start":{"line":30,"column":21},"end":{"line":30,"column":36}},"3":{"start":{"line":32,"column":29},"end":{"line":73,"column":1}},"4":{"start":{"line":33,"column":38},"end":{"line":33,"column":53}},"5":{"start":{"line":34,"column":28},"end":{"line":34,"column":48}},"6":{"start":{"line":37,"column":2},"end":{"line":52,"column":9}},"7":{"start":{"line":38,"column":32},"end":{"line":49,"column":5}},"8":{"start":{"line":39,"column":6},"end":{"line":48,"column":7}},"9":{"start":{"line":40,"column":27},"end":{"line":40,"column":67}},"10":{"start":{"line":41,"column":8},"end":{"line":45,"column":9}},"11":{"start":{"line":42,"column":25},"end":{"line":42,"column":46}},"12":{"start":{"line":43,"column":10},"end":{"line":43,"column":32}},"13":{"start":{"line":44,"column":10},"end":{"line":44,"column":52}},"14":{"start":{"line":47,"column":8},"end":{"line":47,"column":62}},"15":{"start":{"line":51,"column":4},"end":{"line":51,"column":26}},"16":{"start":{"line":55,"column":22},"end":{"line":66,"column":3}},"17":{"start":{"line":56,"column":20},"end":{"line":56,"column":31}},"18":{"start":{"line":57,"column":4},"end":{"line":57,"column":27}},"19":{"start":{"line":58,"column":4},"end":{"line":58,"column":47}},"20":{"start":{"line":61,"column":4},"end":{"line":65,"column":5}},"21":{"start":{"line":62,"column":6},"end":{"line":62,"column":67}},"22":{"start":{"line":64,"column":6},"end":{"line":64,"column":59}},"23":{"start":{"line":68,"column":2},"end":{"line":72,"column":4}},"24":{"start":{"line":76,"column":24},"end":{"line":76,"column":54}},"25":{"start":{"line":76,"column":30},"end":{"line":76,"column":54}}},"fnMap":{"0":{"name":"(anonymous_0)","decl":{"start":{"line":32,"column":29},"end":{"line":32,"column":30}},"loc":{"start":{"line":32,"column":47},"end":{"line":73,"column":1}},"line":32},"1":{"name":"(anonymous_1)","decl":{"start":{"line":37,"column":12},"end":{"line":37,"column":13}},"loc":{"start":{"line":37,"column":18},"end":{"line":52,"column":3}},"line":37},"2":{"name":"(anonymous_2)","decl":{"start":{"line":38,"column":32},"end":{"line":38,"column":33}},"loc":{"start":{"line":38,"column":44},"end":{"line":49,"column":5}},"line":38},"3":{"name":"(anonymous_3)","decl":{"start":{"line":55,"column":22},"end":{"line":55,"column":23}},"loc":{"start":{"line":55,"column":34},"end":{"line":66,"column":3}},"line":55},"4":{"name":"(anonymous_4)","decl":{"start":{"line":76,"column":24},"end":{"line":76,"column":25}},"loc":{"start":{"line":76,"column":30},"end":{"line":76,"column":54}},"line":76}},"branchMap":{"0":{"loc":{"start":{"line":41,"column":8},"end":{"line":45,"column":9}},"type":"if","locations":[{"start":{"line":41,"column":8},"end":{"line":45,"column":9}},{"start":{},"end":{}}],"line":41},"1":{"loc":{"start":{"line":44,"column":19},"end":{"line":44,"column":50}},"type":"cond-expr","locations":[{"start":{"line":44,"column":28},"end":{"line":44,"column":37}},{"start":{"line":44,"column":40},"end":{"line":44,"column":50}}],"line":44},"2":{"loc":{"start":{"line":58,"column":13},"end":{"line":58,"column":45}},"type":"cond-expr","locations":[{"start":{"line":58,"column":23},"end":{"line":58,"column":32}},{"start":{"line":58,"column":35},"end":{"line":58,"column":45}}],"line":58}},"s":{"0":3,"1":3,"2":3,"3":3,"4":16,"5":16,"6":16,"7":14,"8":14,"9":14,"10":14,"11":14,"12":14,"13":14,"14":0,"15":14,"16":16,"17":0,"18":0,"19":0,"20":0,"21":0,"22":0,"23":16,"24":3,"25":20},"f":{"0":16,"1":14,"2":14,"3":0,"4":20},"b":{"0":[14,0],"1":[0,14],"2":[0,0]},"_coverageSchema":"1a1c01bbd47fc00a2c39e90264f33305004495a9","hash":"5ecc403a72f5f18c754eb8c590faa77297f3ed46"}
,"C:\\Users\\Willy\\Downloads\\Bootcamp\\Assignments\\Capstone Project 2\\Capstone Project 2\\srchooks\\useErrorHandler.js": {"path":"C:\\Users\\Willy\\Downloads\\Bootcamp\\Assignments\\Capstone Project 2\\Capstone Project 2\\srchooks\\useErrorHandler.js","statementMap":{"0":{"start":{"line":9,"column":24},"end":{"line":56,"column":1}},"1":{"start":{"line":10,"column":28},"end":{"line":10,"column":42}},"2":{"start":{"line":11,"column":36},"end":{"line":11,"column":51}},"3":{"start":{"line":20,"column":22},"end":{"line":41,"column":15}},"4":{"start":{"line":21,"column":4},"end":{"line":40,"column":6}},"5":{"start":{"line":22,"column":6},"end":{"line":39,"column":7}},"6":{"start":{"line":23,"column":8},"end":{"line":23,"column":27}},"7":{"start":{"line":24,"column":8},"end":{"line":24,"column":23}},"8":{"start":{"line":25,"column":23},"end":{"line":25,"column":45}},"9":{"start":{"line":26,"column":8},"end":{"line":26,"column":22}},"10":{"start":{"line":28,"column":27},"end":{"line":31,"column":9}},"11":{"start":{"line":32,"column":8},"end":{"line":32,"column":29}},"12":{"start":{"line":33,"column":8},"end":{"line":35,"column":9}},"13":{"start":{"line":34,"column":10},"end":{"line":34,"column":30}},"14":{"start":{"line":36,"column":8},"end":{"line":36,"column":25}},"15":{"start":{"line":38,"column":8},"end":{"line":38,"column":28}},"16":{"start":{"line":46,"column":21},"end":{"line":48,"column":8}},"17":{"start":{"line":47,"column":4},"end":{"line":47,"column":19}},"18":{"start":{"line":50,"column":2},"end":{"line":55,"column":4}}},"fnMap":{"0":{"name":"(anonymous_0)","decl":{"start":{"line":9,"column":24},"end":{"line":9,"column":25}},"loc":{"start":{"line":9,"column":46},"end":{"line":56,"column":1}},"line":9},"1":{"name":"(anonymous_1)","decl":{"start":{"line":20,"column":34},"end":{"line":20,"column":35}},"loc":{"start":{"line":20,"column":70},"end":{"line":41,"column":3}},"line":20},"2":{"name":"(anonymous_2)","decl":{"start":{"line":21,"column":11},"end":{"line":21,"column":12}},"loc":{"start":{"line":21,"column":30},"end":{"line":40,"column":5}},"line":21},"3":{"name":"(anonymous_3)","decl":{"start":{"line":46,"column":33},"end":{"line":46,"column":34}},"loc":{"start":{"line":46,"column":39},"end":{"line":48,"column":3}},"line":46}},"branchMap":{"0":{"loc":{"start":{"line":9,"column":25},"end":{"line":9,"column":41}},"type":"default-arg","locations":[{"start":{"line":9,"column":39},"end":{"line":9,"column":41}}],"line":9},"1":{"loc":{"start":{"line":20,"column":44},"end":{"line":20,"column":65}},"type":"default-arg","locations":[{"start":{"line":20,"column":63},"end":{"line":20,"column":65}}],"line":20},"2":{"loc":{"start":{"line":29,"column":19},"end":{"line":29,"column":46}},"type":"binary-expr","locations":[{"start":{"line":29,"column":19},"end":{"line":29,"column":31}},{"start":{"line":29,"column":35},"end":{"line":29,"column":46}}],"line":29},"3":{"loc":{"start":{"line":33,"column":8},"end":{"line":35,"column":9}},"type":"if","locations":[{"start":{"line":33,"column":8},"end":{"line":35,"column":9}},{"start":{},"end":{}}],"line":33}},"s":{"0":2,"1":19,"2":19,"3":19,"4":6,"5":6,"6":6,"7":6,"8":6,"9":2,"10":4,"11":4,"12":4,"13":2,"14":4,"15":6,"16":19,"17":1,"18":19},"f":{"0":19,"1":6,"2":6,"3":1},"b":{"0":[15],"1":[5],"2":[4,3],"3":[2,2]},"_coverageSchema":"1a1c01bbd47fc00a2c39e90264f33305004495a9","hash":"245118e7869d659bed73684ce0d375892ed747f6"}
,"C:\\Users\\Willy\\Downloads\\Bootcamp\\Assignments\\Capstone Project 2\\Capstone Project 2\\srcscreens\\AboutScreen.js": {"path":"C:\\Users\\Willy\\Downloads\\Bootcamp\\Assignments\\Capstone Project 2\\Capstone Project 2\\srcscreens\\AboutScreen.js","statementMap":{"0":{"start":{"line":5,"column":20},"end":{"line":47,"column":1}},"1":{"start":{"line":6,"column":20},"end":{"line":6,"column":30}},"2":{"start":{"line":8,"column":2},"end":{"line":46,"column":4}},"3":{"start":{"line":49,"column":15},"end":{"line":87,"column":2}}},"fnMap":{"0":{"name":"(anonymous_0)","decl":{"start":{"line":5,"column":20},"end":{"line":5,"column":21}},"loc":{"start":{"line":5,"column":26},"end":{"line":47,"column":1}},"line":5}},"branchMap":{},"s":{"0":0,"1":0,"2":0,"3":0},"f":{"0":0},"b":{}}
,"C:\\Users\\Willy\\Downloads\\Bootcamp\\Assignments\\Capstone Project 2\\Capstone Project 2\\srcscreens\\AddEntryScreen.js": {"path":"C:\\Users\\Willy\\Downloads\\Bootcamp\\Assignments\\Capstone Project 2\\Capstone Project 2\\srcscreens\\AddEntryScreen.js","statementMap":{"0":{"start":{"line":17,"column":25},"end":{"line":17,"column":51}},"1":{"start":{"line":19,"column":23},"end":{"line":221,"column":1}},"2":{"start":{"line":20,"column":38},"end":{"line":20,"column":50}},"3":{"start":{"line":21,"column":36},"end":{"line":21,"column":54}},"4":{"start":{"line":22,"column":30},"end":{"line":22,"column":42}},"5":{"start":{"line":23,"column":26},"end":{"line":23,"column":38}},"6":{"start":{"line":24,"column":26},"end":{"line":24,"column":38}},"7":{"start":{"line":25,"column":42},"end":{"line":25,"column":54}},"8":{"start":{"line":26,"column":28},"end":{"line":26,"column":40}},"9":{"start":{"line":27,"column":36},"end":{"line":27,"column":51}},"10":{"start":{"line":28,"column":17},"end":{"line":28,"column":36}},"11":{"start":{"line":29,"column":20},"end":{"line":29,"column":30}},"12":{"start":{"line":31,"column":23},"end":{"line":31,"column":39}},"13":{"start":{"line":33,"column":25},"end":{"line":71,"column":3}},"14":{"start":{"line":34,"column":4},"end":{"line":37,"column":5}},"15":{"start":{"line":35,"column":6},"end":{"line":35,"column":65}},"16":{"start":{"line":36,"column":6},"end":{"line":36,"column":13}},"17":{"start":{"line":39,"column":4},"end":{"line":42,"column":5}},"18":{"start":{"line":40,"column":6},"end":{"line":40,"column":76}},"19":{"start":{"line":41,"column":6},"end":{"line":41,"column":13}},"20":{"start":{"line":44,"column":4},"end":{"line":44,"column":23}},"21":{"start":{"line":46,"column":4},"end":{"line":70,"column":5}},"22":{"start":{"line":47,"column":23},"end":{"line":56,"column":7}},"23":{"start":{"line":58,"column":21},"end":{"line":58,"column":45}},"24":{"start":{"line":60,"column":6},"end":{"line":64,"column":7}},"25":{"start":{"line":61,"column":8},"end":{"line":61,"column":36}},"26":{"start":{"line":63,"column":8},"end":{"line":63,"column":68}},"27":{"start":{"line":66,"column":6},"end":{"line":66,"column":59}},"28":{"start":{"line":67,"column":6},"end":{"line":67,"column":27}},"29":{"start":{"line":69,"column":6},"end":{"line":69,"column":26}},"30":{"start":{"line":73,"column":2},"end":{"line":220,"column":4}},"31":{"start":{"line":103,"column":14},"end":{"line":121,"column":33}},"32":{"start":{"line":110,"column":31},"end":{"line":110,"column":51}},"33":{"start":{"line":223,"column":15},"end":{"line":312,"column":2}}},"fnMap":{"0":{"name":"(anonymous_0)","decl":{"start":{"line":19,"column":23},"end":{"line":19,"column":24}},"loc":{"start":{"line":19,"column":43},"end":{"line":221,"column":1}},"line":19},"1":{"name":"(anonymous_1)","decl":{"start":{"line":33,"column":25},"end":{"line":33,"column":26}},"loc":{"start":{"line":33,"column":37},"end":{"line":71,"column":3}},"line":33},"2":{"name":"(anonymous_2)","decl":{"start":{"line":102,"column":34},"end":{"line":102,"column":35}},"loc":{"start":{"line":103,"column":14},"end":{"line":121,"column":33}},"line":103},"3":{"name":"(anonymous_3)","decl":{"start":{"line":110,"column":25},"end":{"line":110,"column":26}},"loc":{"start":{"line":110,"column":31},"end":{"line":110,"column":51}},"line":110}},"branchMap":{"0":{"loc":{"start":{"line":34,"column":4},"end":{"line":37,"column":5}},"type":"if","locations":[{"start":{"line":34,"column":4},"end":{"line":37,"column":5}},{"start":{},"end":{}}],"line":34},"1":{"loc":{"start":{"line":34,"column":8},"end":{"line":34,"column":65}},"type":"binary-expr","locations":[{"start":{"line":34,"column":8},"end":{"line":34,"column":19}},{"start":{"line":34,"column":23},"end":{"line":34,"column":30}},{"start":{"line":34,"column":34},"end":{"line":34,"column":39}},{"start":{"line":34,"column":43},"end":{"line":34,"column":48}},{"start":{"line":34,"column":52},"end":{"line":34,"column":65}}],"line":34},"2":{"loc":{"start":{"line":39,"column":4},"end":{"line":42,"column":5}},"type":"if","locations":[{"start":{"line":39,"column":4},"end":{"line":42,"column":5}},{"start":{},"end":{}}],"line":39},"3":{"loc":{"start":{"line":39,"column":8},"end":{"line":39,"column":87}},"type":"binary-expr","locations":[{"start":{"line":39,"column":8},"end":{"line":39,"column":29}},{"start":{"line":39,"column":33},"end":{"line":39,"column":54}},{"start":{"line":39,"column":58},"end":{"line":39,"column":87}}],"line":39},"4":{"loc":{"start":{"line":60,"column":6},"end":{"line":64,"column":7}},"type":"if","locations":[{"start":{"line":60,"column":6},"end":{"line":64,"column":7}},{"start":{"line":62,"column":13},"end":{"line":64,"column":7}}],"line":60},"5":{"loc":{"start":{"line":63,"column":29},"end":{"line":63,"column":66}},"type":"binary-expr","locations":[{"start":{"line":63,"column":29},"end":{"line":63,"column":41}},{"start":{"line":63,"column":45},"end":{"line":63,"column":66}}],"line":63},"6":{"loc":{"start":{"line":79,"column":18},"end":{"line":79,"column":62}},"type":"cond-expr","locations":[{"start":{"line":79,"column":42},"end":{"line":79,"column":51}},{"start":{"line":79,"column":54},"end":{"line":79,"column":62}}],"line":79},"7":{"loc":{"start":{"line":81,"column":32},"end":{"line":81,"column":62}},"type":"cond-expr","locations":[{"start":{"line":81,"column":56},"end":{"line":81,"column":57}},{"start":{"line":81,"column":60},"end":{"line":81,"column":62}}],"line":81},"8":{"loc":{"start":{"line":108,"column":18},"end":{"line":108,"column":129}},"type":"binary-expr","locations":[{"start":{"line":108,"column":18},"end":{"line":108,"column":38}},{"start":{"line":108,"column":42},"end":{"line":108,"column":129}}],"line":108},"9":{"loc":{"start":{"line":116,"column":20},"end":{"line":116,"column":69}},"type":"binary-expr","locations":[{"start":{"line":116,"column":20},"end":{"line":116,"column":40}},{"start":{"line":116,"column":44},"end":{"line":116,"column":69}}],"line":116},"10":{"loc":{"start":{"line":214,"column":13},"end":{"line":214,"column":57}},"type":"cond-expr","locations":[{"start":{"line":214,"column":25},"end":{"line":214,"column":36}},{"start":{"line":214,"column":39},"end":{"line":214,"column":57}}],"line":214}},"s":{"0":0,"1":0,"2":0,"3":0,"4":0,"5":0,"6":0,"7":0,"8":0,"9":0,"10":0,"11":0,"12":0,"13":0,"14":0,"15":0,"16":0,"17":0,"18":0,"19":0,"20":0,"21":0,"22":0,"23":0,"24":0,"25":0,"26":0,"27":0,"28":0,"29":0,"30":0,"31":0,"32":0,"33":0},"f":{"0":0,"1":0,"2":0,"3":0},"b":{"0":[0,0],"1":[0,0,0,0,0],"2":[0,0],"3":[0,0,0],"4":[0,0],"5":[0,0],"6":[0,0],"7":[0,0],"8":[0,0],"9":[0,0],"10":[0,0]}}
,"C:\\Users\\Willy\\Downloads\\Bootcamp\\Assignments\\Capstone Project 2\\Capstone Project 2\\srcscreens\\EditEntryScreen.js": {"path":"C:\\Users\\Willy\\Downloads\\Bootcamp\\Assignments\\Capstone Project 2\\Capstone Project 2\\srcscreens\\EditEntryScreen.js","statementMap":{"0":{"start":{"line":17,"column":25},"end":{"line":17,"column":51}},"1":{"start":{"line":19,"column":24},"end":{"line":273,"column":1}},"2":{"start":{"line":20,"column":22},"end":{"line":20,"column":34}},"3":{"start":{"line":21,"column":41},"end":{"line":21,"column":57}},"4":{"start":{"line":22,"column":20},"end":{"line":22,"column":30}},"5":{"start":{"line":24,"column":38},"end":{"line":24,"column":50}},"6":{"start":{"line":25,"column":36},"end":{"line":25,"column":54}},"7":{"start":{"line":26,"column":30},"end":{"line":26,"column":42}},"8":{"start":{"line":27,"column":26},"end":{"line":27,"column":38}},"9":{"start":{"line":28,"column":26},"end":{"line":28,"column":38}},"10":{"start":{"line":29,"column":42},"end":{"line":29,"column":54}},"11":{"start":{"line":30,"column":28},"end":{"line":30,"column":40}},"12":{"start":{"line":31,"column":36},"end":{"line":31,"column":51}},"13":{"start":{"line":33,"column":2},"end":{"line":44,"column":31}},"14":{"start":{"line":34,"column":18},"end":{"line":34,"column":65}},"15":{"start":{"line":34,"column":45},"end":{"line":34,"column":64}},"16":{"start":{"line":35,"column":4},"end":{"line":43,"column":5}},"17":{"start":{"line":36,"column":6},"end":{"line":36,"column":38}},"18":{"start":{"line":37,"column":6},"end":{"line":37,"column":36}},"19":{"start":{"line":38,"column":6},"end":{"line":38,"column":30}},"20":{"start":{"line":39,"column":6},"end":{"line":39,"column":37}},"21":{"start":{"line":40,"column":6},"end":{"line":40,"column":37}},"22":{"start":{"line":41,"column":6},"end":{"line":41,"column":53}},"23":{"start":{"line":42,"column":6},"end":{"line":42,"column":34}},"24":{"start":{"line":46,"column":28},"end":{"line":83,"column":3}},"25":{"start":{"line":47,"column":4},"end":{"line":50,"column":5}},"26":{"start":{"line":48,"column":6},"end":{"line":48,"column":65}},"27":{"start":{"line":49,"column":6},"end":{"line":49,"column":13}},"28":{"start":{"line":52,"column":4},"end":{"line":55,"column":5}},"29":{"start":{"line":53,"column":6},"end":{"line":53,"column":76}},"30":{"start":{"line":54,"column":6},"end":{"line":54,"column":13}},"31":{"start":{"line":57,"column":4},"end":{"line":57,"column":23}},"32":{"start":{"line":59,"column":4},"end":{"line":82,"column":5}},"33":{"start":{"line":60,"column":27},"end":{"line":68,"column":7}},"34":{"start":{"line":70,"column":21},"end":{"line":70,"column":61}},"35":{"start":{"line":72,"column":6},"end":{"line":76,"column":7}},"36":{"start":{"line":73,"column":8},"end":{"line":73,"column":56}},"37":{"start":{"line":75,"column":8},"end":{"line":75,"column":71}},"38":{"start":{"line":78,"column":6},"end":{"line":78,"column":59}},"39":{"start":{"line":79,"column":6},"end":{"line":79,"column":27}},"40":{"start":{"line":81,"column":6},"end":{"line":81,"column":26}},"41":{"start":{"line":85,"column":27},"end":{"line":116,"column":3}},"42":{"start":{"line":86,"column":4},"end":{"line":115,"column":6}},"43":{"start":{"line":94,"column":12},"end":{"line":111,"column":13}},"44":{"start":{"line":95,"column":26},"end":{"line":95,"column":36}},"45":{"start":{"line":96,"column":35},"end":{"line":99,"column":15}},"46":{"start":{"line":101,"column":29},"end":{"line":101,"column":69}},"47":{"start":{"line":103,"column":14},"end":{"line":107,"column":15}},"48":{"start":{"line":104,"column":16},"end":{"line":104,"column":72}},"49":{"start":{"line":106,"column":16},"end":{"line":106,"column":78}},"50":{"start":{"line":109,"column":14},"end":{"line":109,"column":67}},"51":{"start":{"line":110,"column":14},"end":{"line":110,"column":35}},"52":{"start":{"line":118,"column":2},"end":{"line":272,"column":4}},"53":{"start":{"line":145,"column":16},"end":{"line":163,"column":35}},"54":{"start":{"line":152,"column":33},"end":{"line":152,"column":53}},"55":{"start":{"line":275,"column":15},"end":{"line":363,"column":2}}},"fnMap":{"0":{"name":"(anonymous_0)","decl":{"start":{"line":19,"column":24},"end":{"line":19,"column":25}},"loc":{"start":{"line":19,"column":51},"end":{"line":273,"column":1}},"line":19},"1":{"name":"(anonymous_1)","decl":{"start":{"line":33,"column":12},"end":{"line":33,"column":13}},"loc":{"start":{"line":33,"column":18},"end":{"line":44,"column":3}},"line":33},"2":{"name":"(anonymous_2)","decl":{"start":{"line":34,"column":37},"end":{"line":34,"column":38}},"loc":{"start":{"line":34,"column":45},"end":{"line":34,"column":64}},"line":34},"3":{"name":"(anonymous_3)","decl":{"start":{"line":46,"column":28},"end":{"line":46,"column":29}},"loc":{"start":{"line":46,"column":40},"end":{"line":83,"column":3}},"line":46},"4":{"name":"(anonymous_4)","decl":{"start":{"line":85,"column":27},"end":{"line":85,"column":28}},"loc":{"start":{"line":85,"column":39},"end":{"line":116,"column":3}},"line":85},"5":{"name":"(anonymous_5)","decl":{"start":{"line":93,"column":19},"end":{"line":93,"column":20}},"loc":{"start":{"line":93,"column":31},"end":{"line":112,"column":11}},"line":93},"6":{"name":"(anonymous_6)","decl":{"start":{"line":144,"column":36},"end":{"line":144,"column":37}},"loc":{"start":{"line":145,"column":16},"end":{"line":163,"column":35}},"line":145},"7":{"name":"(anonymous_7)","decl":{"start":{"line":152,"column":27},"end":{"line":152,"column":28}},"loc":{"start":{"line":152,"column":33},"end":{"line":152,"column":53}},"line":152}},"branchMap":{"0":{"loc":{"start":{"line":35,"column":4},"end":{"line":43,"column":5}},"type":"if","locations":[{"start":{"line":35,"column":4},"end":{"line":43,"column":5}},{"start":{},"end":{}}],"line":35},"1":{"loc":{"start":{"line":42,"column":15},"end":{"line":42,"column":32}},"type":"binary-expr","locations":[{"start":{"line":42,"column":15},"end":{"line":42,"column":26}},{"start":{"line":42,"column":30},"end":{"line":42,"column":32}}],"line":42},"2":{"loc":{"start":{"line":47,"column":4},"end":{"line":50,"column":5}},"type":"if","locations":[{"start":{"line":47,"column":4},"end":{"line":50,"column":5}},{"start":{},"end":{}}],"line":47},"3":{"loc":{"start":{"line":47,"column":8},"end":{"line":47,"column":65}},"type":"binary-expr","locations":[{"start":{"line":47,"column":8},"end":{"line":47,"column":19}},{"start":{"line":47,"column":23},"end":{"line":47,"column":30}},{"start":{"line":47,"column":34},"end":{"line":47,"column":39}},{"start":{"line":47,"column":43},"end":{"line":47,"column":48}},{"start":{"line":47,"column":52},"end":{"line":47,"column":65}}],"line":47},"4":{"loc":{"start":{"line":52,"column":4},"end":{"line":55,"column":5}},"type":"if","locations":[{"start":{"line":52,"column":4},"end":{"line":55,"column":5}},{"start":{},"end":{}}],"line":52},"5":{"loc":{"start":{"line":52,"column":8},"end":{"line":52,"column":87}},"type":"binary-expr","locations":[{"start":{"line":52,"column":8},"end":{"line":52,"column":29}},{"start":{"line":52,"column":33},"end":{"line":52,"column":54}},{"start":{"line":52,"column":58},"end":{"line":52,"column":87}}],"line":52},"6":{"loc":{"start":{"line":72,"column":6},"end":{"line":76,"column":7}},"type":"if","locations":[{"start":{"line":72,"column":6},"end":{"line":76,"column":7}},{"start":{"line":74,"column":13},"end":{"line":76,"column":7}}],"line":72},"7":{"loc":{"start":{"line":75,"column":29},"end":{"line":75,"column":69}},"type":"binary-expr","locations":[{"start":{"line":75,"column":29},"end":{"line":75,"column":41}},{"start":{"line":75,"column":45},"end":{"line":75,"column":69}}],"line":75},"8":{"loc":{"start":{"line":103,"column":14},"end":{"line":107,"column":15}},"type":"if","locations":[{"start":{"line":103,"column":14},"end":{"line":107,"column":15}},{"start":{"line":105,"column":21},"end":{"line":107,"column":15}}],"line":103},"9":{"loc":{"start":{"line":106,"column":37},"end":{"line":106,"column":76}},"type":"binary-expr","locations":[{"start":{"line":106,"column":37},"end":{"line":106,"column":49}},{"start":{"line":106,"column":53},"end":{"line":106,"column":76}}],"line":106},"10":{"loc":{"start":{"line":121,"column":18},"end":{"line":121,"column":62}},"type":"cond-expr","locations":[{"start":{"line":121,"column":42},"end":{"line":121,"column":51}},{"start":{"line":121,"column":54},"end":{"line":121,"column":62}}],"line":121},"11":{"loc":{"start":{"line":123,"column":32},"end":{"line":123,"column":62}},"type":"cond-expr","locations":[{"start":{"line":123,"column":56},"end":{"line":123,"column":57}},{"start":{"line":123,"column":60},"end":{"line":123,"column":62}}],"line":123},"12":{"loc":{"start":{"line":150,"column":20},"end":{"line":150,"column":131}},"type":"binary-expr","locations":[{"start":{"line":150,"column":20},"end":{"line":150,"column":40}},{"start":{"line":150,"column":44},"end":{"line":150,"column":131}}],"line":150},"13":{"loc":{"start":{"line":158,"column":22},"end":{"line":158,"column":71}},"type":"binary-expr","locations":[{"start":{"line":158,"column":22},"end":{"line":158,"column":42}},{"start":{"line":158,"column":46},"end":{"line":158,"column":71}}],"line":158},"14":{"loc":{"start":{"line":256,"column":15},"end":{"line":256,"column":64}},"type":"cond-expr","locations":[{"start":{"line":256,"column":27},"end":{"line":256,"column":40}},{"start":{"line":256,"column":43},"end":{"line":256,"column":64}}],"line":256}},"s":{"0":0,"1":0,"2":0,"3":0,"4":0,"5":0,"6":0,"7":0,"8":0,"9":0,"10":0,"11":0,"12":0,"13":0,"14":0,"15":0,"16":0,"17":0,"18":0,"19":0,"20":0,"21":0,"22":0,"23":0,"24":0,"25":0,"26":0,"27":0,"28":0,"29":0,"30":0,"31":0,"32":0,"33":0,"34":0,"35":0,"36":0,"37":0,"38":0,"39":0,"40":0,"41":0,"42":0,"43":0,"44":0,"45":0,"46":0,"47":0,"48":0,"49":0,"50":0,"51":0,"52":0,"53":0,"54":0,"55":0},"f":{"0":0,"1":0,"2":0,"3":0,"4":0,"5":0,"6":0,"7":0},"b":{"0":[0,0],"1":[0,0],"2":[0,0],"3":[0,0,0,0,0],"4":[0,0],"5":[0,0,0],"6":[0,0],"7":[0,0],"8":[0,0],"9":[0,0],"10":[0,0],"11":[0,0],"12":[0,0],"13":[0,0],"14":[0,0]}}
,"C:\\Users\\Willy\\Downloads\\Bootcamp\\Assignments\\Capstone Project 2\\Capstone Project 2\\srcscreens\\EditProfileScreen.js": {"path":"C:\\Users\\Willy\\Downloads\\Bootcamp\\Assignments\\Capstone Project 2\\Capstone Project 2\\srcscreens\\EditProfileScreen.js","statementMap":{"0":{"start":{"line":15,"column":26},"end":{"line":206,"column":1}},"1":{"start":{"line":16,"column":34},"end":{"line":16,"column":48}},"2":{"start":{"line":17,"column":20},"end":{"line":17,"column":30}},"3":{"start":{"line":19,"column":26},"end":{"line":19,"column":73}},"4":{"start":{"line":20,"column":48},"end":{"line":20,"column":60}},"5":{"start":{"line":21,"column":40},"end":{"line":21,"column":52}},"6":{"start":{"line":22,"column":48},"end":{"line":22,"column":60}},"7":{"start":{"line":23,"column":56},"end":{"line":23,"column":71}},"8":{"start":{"line":24,"column":48},"end":{"line":24,"column":63}},"9":{"start":{"line":25,"column":56},"end":{"line":25,"column":71}},"10":{"start":{"line":26,"column":36},"end":{"line":26,"column":51}},"11":{"start":{"line":28,"column":27},"end":{"line":48,"column":3}},"12":{"start":{"line":29,"column":4},"end":{"line":32,"column":5}},"13":{"start":{"line":30,"column":6},"end":{"line":30,"column":51}},"14":{"start":{"line":31,"column":6},"end":{"line":31,"column":13}},"15":{"start":{"line":34,"column":4},"end":{"line":34,"column":23}},"16":{"start":{"line":35,"column":4},"end":{"line":47,"column":5}},"17":{"start":{"line":36,"column":21},"end":{"line":36,"column":50}},"18":{"start":{"line":37,"column":6},"end":{"line":42,"column":7}},"19":{"start":{"line":38,"column":8},"end":{"line":38,"column":68}},"20":{"start":{"line":39,"column":8},"end":{"line":39,"column":28}},"21":{"start":{"line":41,"column":8},"end":{"line":41,"column":73}},"22":{"start":{"line":44,"column":6},"end":{"line":44,"column":72}},"23":{"start":{"line":46,"column":6},"end":{"line":46,"column":26}},"24":{"start":{"line":50,"column":31},"end":{"line":86,"column":3}},"25":{"start":{"line":51,"column":4},"end":{"line":54,"column":5}},"26":{"start":{"line":52,"column":6},"end":{"line":52,"column":65}},"27":{"start":{"line":53,"column":6},"end":{"line":53,"column":13}},"28":{"start":{"line":56,"column":4},"end":{"line":59,"column":5}},"29":{"start":{"line":57,"column":6},"end":{"line":57,"column":58}},"30":{"start":{"line":58,"column":6},"end":{"line":58,"column":13}},"31":{"start":{"line":61,"column":4},"end":{"line":64,"column":5}},"32":{"start":{"line":62,"column":6},"end":{"line":62,"column":57}},"33":{"start":{"line":63,"column":6},"end":{"line":63,"column":13}},"34":{"start":{"line":66,"column":4},"end":{"line":66,"column":23}},"35":{"start":{"line":67,"column":4},"end":{"line":85,"column":5}},"36":{"start":{"line":68,"column":21},"end":{"line":71,"column":8}},"37":{"start":{"line":73,"column":6},"end":{"line":80,"column":7}},"38":{"start":{"line":74,"column":8},"end":{"line":74,"column":64}},"39":{"start":{"line":75,"column":8},"end":{"line":75,"column":31}},"40":{"start":{"line":76,"column":8},"end":{"line":76,"column":27}},"41":{"start":{"line":77,"column":8},"end":{"line":77,"column":31}},"42":{"start":{"line":79,"column":8},"end":{"line":79,"column":74}},"43":{"start":{"line":82,"column":6},"end":{"line":82,"column":73}},"44":{"start":{"line":84,"column":6},"end":{"line":84,"column":26}},"45":{"start":{"line":88,"column":2},"end":{"line":205,"column":4}},"46":{"start":{"line":135,"column":29},"end":{"line":135,"column":73}},"47":{"start":{"line":159,"column":29},"end":{"line":159,"column":65}},"48":{"start":{"line":183,"column":29},"end":{"line":183,"column":73}},"49":{"start":{"line":208,"column":15},"end":{"line":265,"column":2}}},"fnMap":{"0":{"name":"(anonymous_0)","decl":{"start":{"line":15,"column":26},"end":{"line":15,"column":27}},"loc":{"start":{"line":15,"column":46},"end":{"line":206,"column":1}},"line":15},"1":{"name":"(anonymous_1)","decl":{"start":{"line":28,"column":27},"end":{"line":28,"column":28}},"loc":{"start":{"line":28,"column":39},"end":{"line":48,"column":3}},"line":28},"2":{"name":"(anonymous_2)","decl":{"start":{"line":50,"column":31},"end":{"line":50,"column":32}},"loc":{"start":{"line":50,"column":43},"end":{"line":86,"column":3}},"line":50},"3":{"name":"(anonymous_3)","decl":{"start":{"line":135,"column":23},"end":{"line":135,"column":24}},"loc":{"start":{"line":135,"column":29},"end":{"line":135,"column":73}},"line":135},"4":{"name":"(anonymous_4)","decl":{"start":{"line":159,"column":23},"end":{"line":159,"column":24}},"loc":{"start":{"line":159,"column":29},"end":{"line":159,"column":65}},"line":159},"5":{"name":"(anonymous_5)","decl":{"start":{"line":183,"column":23},"end":{"line":183,"column":24}},"loc":{"start":{"line":183,"column":29},"end":{"line":183,"column":73}},"line":183}},"branchMap":{"0":{"loc":{"start":{"line":19,"column":35},"end":{"line":19,"column":72}},"type":"binary-expr","locations":[{"start":{"line":19,"column":35},"end":{"line":19,"column":52}},{"start":{"line":19,"column":56},"end":{"line":19,"column":66}},{"start":{"line":19,"column":70},"end":{"line":19,"column":72}}],"line":19},"1":{"loc":{"start":{"line":29,"column":4},"end":{"line":32,"column":5}},"type":"if","locations":[{"start":{"line":29,"column":4},"end":{"line":32,"column":5}},{"start":{},"end":{}}],"line":29},"2":{"loc":{"start":{"line":37,"column":6},"end":{"line":42,"column":7}},"type":"if","locations":[{"start":{"line":37,"column":6},"end":{"line":42,"column":7}},{"start":{"line":40,"column":13},"end":{"line":42,"column":7}}],"line":37},"3":{"loc":{"start":{"line":41,"column":29},"end":{"line":41,"column":71}},"type":"binary-expr","locations":[{"start":{"line":41,"column":29},"end":{"line":41,"column":41}},{"start":{"line":41,"column":45},"end":{"line":41,"column":71}}],"line":41},"4":{"loc":{"start":{"line":44,"column":27},"end":{"line":44,"column":70}},"type":"binary-expr","locations":[{"start":{"line":44,"column":27},"end":{"line":44,"column":40}},{"start":{"line":44,"column":44},"end":{"line":44,"column":70}}],"line":44},"5":{"loc":{"start":{"line":51,"column":4},"end":{"line":54,"column":5}},"type":"if","locations":[{"start":{"line":51,"column":4},"end":{"line":54,"column":5}},{"start":{},"end":{}}],"line":51},"6":{"loc":{"start":{"line":56,"column":4},"end":{"line":59,"column":5}},"type":"if","locations":[{"start":{"line":56,"column":4},"end":{"line":59,"column":5}},{"start":{},"end":{}}],"line":56},"7":{"loc":{"start":{"line":61,"column":4},"end":{"line":64,"column":5}},"type":"if","locations":[{"start":{"line":61,"column":4},"end":{"line":64,"column":5}},{"start":{},"end":{}}],"line":61},"8":{"loc":{"start":{"line":73,"column":6},"end":{"line":80,"column":7}},"type":"if","locations":[{"start":{"line":73,"column":6},"end":{"line":80,"column":7}},{"start":{"line":78,"column":13},"end":{"line":80,"column":7}}],"line":73},"9":{"loc":{"start":{"line":79,"column":29},"end":{"line":79,"column":72}},"type":"binary-expr","locations":[{"start":{"line":79,"column":29},"end":{"line":79,"column":41}},{"start":{"line":79,"column":45},"end":{"line":79,"column":72}}],"line":79},"10":{"loc":{"start":{"line":82,"column":27},"end":{"line":82,"column":71}},"type":"binary-expr","locations":[{"start":{"line":82,"column":27},"end":{"line":82,"column":40}},{"start":{"line":82,"column":44},"end":{"line":82,"column":71}}],"line":82},"11":{"loc":{"start":{"line":112,"column":15},"end":{"line":112,"column":56}},"type":"cond-expr","locations":[{"start":{"line":112,"column":27},"end":{"line":112,"column":40}},{"start":{"line":112,"column":43},"end":{"line":112,"column":56}}],"line":112},"12":{"loc":{"start":{"line":138,"column":22},"end":{"line":138,"column":61}},"type":"cond-expr","locations":[{"start":{"line":138,"column":44},"end":{"line":138,"column":53}},{"start":{"line":138,"column":56},"end":{"line":138,"column":61}}],"line":138},"13":{"loc":{"start":{"line":162,"column":22},"end":{"line":162,"column":57}},"type":"cond-expr","locations":[{"start":{"line":162,"column":40},"end":{"line":162,"column":49}},{"start":{"line":162,"column":52},"end":{"line":162,"column":57}}],"line":162},"14":{"loc":{"start":{"line":186,"column":22},"end":{"line":186,"column":61}},"type":"cond-expr","locations":[{"start":{"line":186,"column":44},"end":{"line":186,"column":53}},{"start":{"line":186,"column":56},"end":{"line":186,"column":61}}],"line":186},"15":{"loc":{"start":{"line":199,"column":15},"end":{"line":199,"column":60}},"type":"cond-expr","locations":[{"start":{"line":199,"column":27},"end":{"line":199,"column":40}},{"start":{"line":199,"column":43},"end":{"line":199,"column":60}}],"line":199}},"s":{"0":0,"1":0,"2":0,"3":0,"4":0,"5":0,"6":0,"7":0,"8":0,"9":0,"10":0,"11":0,"12":0,"13":0,"14":0,"15":0,"16":0,"17":0,"18":0,"19":0,"20":0,"21":0,"22":0,"23":0,"24":0,"25":0,"26":0,"27":0,"28":0,"29":0,"30":0,"31":0,"32":0,"33":0,"34":0,"35":0,"36":0,"37":0,"38":0,"39":0,"40":0,"41":0,"42":0,"43":0,"44":0,"45":0,"46":0,"47":0,"48":0,"49":0},"f":{"0":0,"1":0,"2":0,"3":0,"4":0,"5":0},"b":{"0":[0,0,0],"1":[0,0],"2":[0,0],"3":[0,0],"4":[0,0],"5":[0,0],"6":[0,0],"7":[0,0],"8":[0,0],"9":[0,0],"10":[0,0],"11":[0,0],"12":[0,0],"13":[0,0],"14":[0,0],"15":[0,0]}}
,"C:\\Users\\Willy\\Downloads\\Bootcamp\\Assignments\\Capstone Project 2\\Capstone Project 2\\srcscreens\\EntryDetailScreen.js": {"path":"C:\\Users\\Willy\\Downloads\\Bootcamp\\Assignments\\Capstone Project 2\\Capstone Project 2\\srcscreens\\EntryDetailScreen.js","statementMap":{"0":{"start":{"line":14,"column":26},"end":{"line":190,"column":1}},"1":{"start":{"line":15,"column":22},"end":{"line":15,"column":34}},"2":{"start":{"line":16,"column":41},"end":{"line":16,"column":57}},"3":{"start":{"line":17,"column":28},"end":{"line":17,"column":42}},"4":{"start":{"line":18,"column":44},"end":{"line":18,"column":99}},"5":{"start":{"line":19,"column":20},"end":{"line":19,"column":30}},"6":{"start":{"line":21,"column":2},"end":{"line":24,"column":31}},"7":{"start":{"line":22,"column":23},"end":{"line":22,"column":70}},"8":{"start":{"line":22,"column":50},"end":{"line":22,"column":69}},"9":{"start":{"line":23,"column":4},"end":{"line":23,"column":25}},"10":{"start":{"line":26,"column":2},"end":{"line":53,"column":14}},"11":{"start":{"line":27,"column":4},"end":{"line":27,"column":49}},"12":{"start":{"line":27,"column":42},"end":{"line":27,"column":49}},"13":{"start":{"line":29,"column":35},"end":{"line":44,"column":5}},"14":{"start":{"line":30,"column":18},"end":{"line":30,"column":38}},"15":{"start":{"line":31,"column":22},"end":{"line":31,"column":43}},"16":{"start":{"line":32,"column":25},"end":{"line":32,"column":51}},"17":{"start":{"line":34,"column":6},"end":{"line":36,"column":7}},"18":{"start":{"line":35,"column":8},"end":{"line":35,"column":61}},"19":{"start":{"line":38,"column":19},"end":{"line":38,"column":65}},"20":{"start":{"line":39,"column":20},"end":{"line":39,"column":87}},"21":{"start":{"line":40,"column":22},"end":{"line":40,"column":79}},"22":{"start":{"line":41,"column":22},"end":{"line":41,"column":67}},"23":{"start":{"line":43,"column":6},"end":{"line":43,"column":47}},"24":{"start":{"line":46,"column":4},"end":{"line":46,"column":47}},"25":{"start":{"line":48,"column":18},"end":{"line":50,"column":12}},"26":{"start":{"line":49,"column":6},"end":{"line":49,"column":49}},"27":{"start":{"line":52,"column":4},"end":{"line":52,"column":38}},"28":{"start":{"line":52,"column":17},"end":{"line":52,"column":37}},"29":{"start":{"line":55,"column":23},"end":{"line":75,"column":3}},"30":{"start":{"line":56,"column":4},"end":{"line":74,"column":6}},"31":{"start":{"line":65,"column":12},"end":{"line":70,"column":13}},"32":{"start":{"line":66,"column":14},"end":{"line":66,"column":41}},"33":{"start":{"line":67,"column":14},"end":{"line":67,"column":34}},"34":{"start":{"line":69,"column":14},"end":{"line":69,"column":61}},"35":{"start":{"line":77,"column":2},"end":{"line":83,"column":3}},"36":{"start":{"line":78,"column":4},"end":{"line":82,"column":6}},"37":{"start":{"line":85,"column":25},"end":{"line":96,"column":3}},"38":{"start":{"line":86,"column":4},"end":{"line":88,"column":5}},"39":{"start":{"line":87,"column":6},"end":{"line":87,"column":23}},"40":{"start":{"line":91,"column":21},"end":{"line":91,"column":64}},"41":{"start":{"line":92,"column":4},"end":{"line":92,"column":41}},"42":{"start":{"line":92,"column":24},"end":{"line":92,"column":41}},"43":{"start":{"line":93,"column":4},"end":{"line":93,"column":41}},"44":{"start":{"line":93,"column":24},"end":{"line":93,"column":41}},"45":{"start":{"line":94,"column":4},"end":{"line":94,"column":41}},"46":{"start":{"line":94,"column":24},"end":{"line":94,"column":41}},"47":{"start":{"line":95,"column":4},"end":{"line":95,"column":21}},"48":{"start":{"line":98,"column":22},"end":{"line":98,"column":38}},"49":{"start":{"line":100,"column":2},"end":{"line":189,"column":4}},"50":{"start":{"line":173,"column":27},"end":{"line":173,"column":82}},"51":{"start":{"line":192,"column":15},"end":{"line":307,"column":2}}},"fnMap":{"0":{"name":"(anonymous_0)","decl":{"start":{"line":14,"column":26},"end":{"line":14,"column":27}},"loc":{"start":{"line":14,"column":53},"end":{"line":190,"column":1}},"line":14},"1":{"name":"(anonymous_1)","decl":{"start":{"line":21,"column":12},"end":{"line":21,"column":13}},"loc":{"start":{"line":21,"column":18},"end":{"line":24,"column":3}},"line":21},"2":{"name":"(anonymous_2)","decl":{"start":{"line":22,"column":42},"end":{"line":22,"column":43}},"loc":{"start":{"line":22,"column":50},"end":{"line":22,"column":69}},"line":22},"3":{"name":"(anonymous_3)","decl":{"start":{"line":26,"column":12},"end":{"line":26,"column":13}},"loc":{"start":{"line":26,"column":18},"end":{"line":53,"column":3}},"line":26},"4":{"name":"(anonymous_4)","decl":{"start":{"line":29,"column":35},"end":{"line":29,"column":36}},"loc":{"start":{"line":29,"column":41},"end":{"line":44,"column":5}},"line":29},"5":{"name":"(anonymous_5)","decl":{"start":{"line":48,"column":30},"end":{"line":48,"column":31}},"loc":{"start":{"line":48,"column":36},"end":{"line":50,"column":5}},"line":48},"6":{"name":"(anonymous_6)","decl":{"start":{"line":52,"column":11},"end":{"line":52,"column":12}},"loc":{"start":{"line":52,"column":17},"end":{"line":52,"column":37}},"line":52},"7":{"name":"(anonymous_7)","decl":{"start":{"line":55,"column":23},"end":{"line":55,"column":24}},"loc":{"start":{"line":55,"column":29},"end":{"line":75,"column":3}},"line":55},"8":{"name":"(anonymous_8)","decl":{"start":{"line":64,"column":19},"end":{"line":64,"column":20}},"loc":{"start":{"line":64,"column":31},"end":{"line":71,"column":11}},"line":64},"9":{"name":"(anonymous_9)","decl":{"start":{"line":85,"column":25},"end":{"line":85,"column":26}},"loc":{"start":{"line":85,"column":31},"end":{"line":96,"column":3}},"line":85},"10":{"name":"(anonymous_10)","decl":{"start":{"line":173,"column":21},"end":{"line":173,"column":22}},"loc":{"start":{"line":173,"column":27},"end":{"line":173,"column":82}},"line":173}},"branchMap":{"0":{"loc":{"start":{"line":27,"column":4},"end":{"line":27,"column":49}},"type":"if","locations":[{"start":{"line":27,"column":4},"end":{"line":27,"column":49}},{"start":{},"end":{}}],"line":27},"1":{"loc":{"start":{"line":27,"column":8},"end":{"line":27,"column":40}},"type":"binary-expr","locations":[{"start":{"line":27,"column":8},"end":{"line":27,"column":14}},{"start":{"line":27,"column":18},"end":{"line":27,"column":40}}],"line":27},"2":{"loc":{"start":{"line":34,"column":6},"end":{"line":36,"column":7}},"type":"if","locations":[{"start":{"line":34,"column":6},"end":{"line":36,"column":7}},{"start":{},"end":{}}],"line":34},"3":{"loc":{"start":{"line":77,"column":2},"end":{"line":83,"column":3}},"type":"if","locations":[{"start":{"line":77,"column":2},"end":{"line":83,"column":3}},{"start":{},"end":{}}],"line":77},"4":{"loc":{"start":{"line":86,"column":4},"end":{"line":88,"column":5}},"type":"if","locations":[{"start":{"line":86,"column":4},"end":{"line":88,"column":5}},{"start":{},"end":{}}],"line":86},"5":{"loc":{"start":{"line":92,"column":4},"end":{"line":92,"column":41}},"type":"if","locations":[{"start":{"line":92,"column":4},"end":{"line":92,"column":41}},{"start":{},"end":{}}],"line":92},"6":{"loc":{"start":{"line":93,"column":4},"end":{"line":93,"column":41}},"type":"if","locations":[{"start":{"line":93,"column":4},"end":{"line":93,"column":41}},{"start":{},"end":{}}],"line":93},"7":{"loc":{"start":{"line":94,"column":4},"end":{"line":94,"column":41}},"type":"if","locations":[{"start":{"line":94,"column":4},"end":{"line":94,"column":41}},{"start":{},"end":{}}],"line":94},"8":{"loc":{"start":{"line":107,"column":15},"end":{"line":107,"column":106}},"type":"cond-expr","locations":[{"start":{"line":107,"column":42},"end":{"line":107,"column":49}},{"start":{"line":107,"column":52},"end":{"line":107,"column":106}}],"line":107},"9":{"loc":{"start":{"line":163,"column":9},"end":{"line":168,"column":9}},"type":"binary-expr","locations":[{"start":{"line":163,"column":9},"end":{"line":163,"column":20}},{"start":{"line":164,"column":10},"end":{"line":167,"column":17}}],"line":163}},"s":{"0":0,"1":0,"2":0,"3":0,"4":0,"5":0,"6":0,"7":0,"8":0,"9":0,"10":0,"11":0,"12":0,"13":0,"14":0,"15":0,"16":0,"17":0,"18":0,"19":0,"20":0,"21":0,"22":0,"23":0,"24":0,"25":0,"26":0,"27":0,"28":0,"29":0,"30":0,"31":0,"32":0,"33":0,"34":0,"35":0,"36":0,"37":0,"38":0,"39":0,"40":0,"41":0,"42":0,"43":0,"44":0,"45":0,"46":0,"47":0,"48":0,"49":0,"50":0,"51":0},"f":{"0":0,"1":0,"2":0,"3":0,"4":0,"5":0,"6":0,"7":0,"8":0,"9":0,"10":0},"b":{"0":[0,0],"1":[0,0],"2":[0,0],"3":[0,0],"4":[0,0],"5":[0,0],"6":[0,0],"7":[0,0],"8":[0,0],"9":[0,0]}}
,"C:\\Users\\Willy\\Downloads\\Bootcamp\\Assignments\\Capstone Project 2\\Capstone Project 2\\srcscreens\\HelpSupportScreen.js": {"path":"C:\\Users\\Willy\\Downloads\\Bootcamp\\Assignments\\Capstone Project 2\\Capstone Project 2\\srcscreens\\HelpSupportScreen.js","statementMap":{"0":{"start":{"line":6,"column":26},"end":{"line":83,"column":1}},"1":{"start":{"line":7,"column":20},"end":{"line":7,"column":30}},"2":{"start":{"line":9,"column":20},"end":{"line":11,"column":3}},"3":{"start":{"line":10,"column":4},"end":{"line":10,"column":52}},"4":{"start":{"line":13,"column":2},"end":{"line":82,"column":4}},"5":{"start":{"line":85,"column":15},"end":{"line":141,"column":2}}},"fnMap":{"0":{"name":"(anonymous_0)","decl":{"start":{"line":6,"column":26},"end":{"line":6,"column":27}},"loc":{"start":{"line":6,"column":32},"end":{"line":83,"column":1}},"line":6},"1":{"name":"(anonymous_1)","decl":{"start":{"line":9,"column":20},"end":{"line":9,"column":21}},"loc":{"start":{"line":9,"column":26},"end":{"line":11,"column":3}},"line":9}},"branchMap":{},"s":{"0":0,"1":0,"2":0,"3":0,"4":0,"5":0},"f":{"0":0,"1":0},"b":{}}
,"C:\\Users\\Willy\\Downloads\\Bootcamp\\Assignments\\Capstone Project 2\\Capstone Project 2\\srcscreens\\HomeScreen.js": {"path":"C:\\Users\\Willy\\Downloads\\Bootcamp\\Assignments\\Capstone Project 2\\Capstone Project 2\\srcscreens\\HomeScreen.js","statementMap":{"0":{"start":{"line":22,"column":19},"end":{"line":179,"column":1}},"1":{"start":{"line":23,"column":52},"end":{"line":23,"column":68}},"2":{"start":{"line":24,"column":38},"end":{"line":24,"column":53}},"3":{"start":{"line":25,"column":17},"end":{"line":25,"column":36}},"4":{"start":{"line":26,"column":20},"end":{"line":26,"column":30}},"5":{"start":{"line":28,"column":2},"end":{"line":36,"column":20}},"6":{"start":{"line":29,"column":4},"end":{"line":35,"column":7}},"7":{"start":{"line":30,"column":6},"end":{"line":34,"column":8}},"8":{"start":{"line":43,"column":20},"end":{"line":56,"column":3}},"9":{"start":{"line":44,"column":4},"end":{"line":44,"column":24}},"10":{"start":{"line":45,"column":4},"end":{"line":55,"column":5}},"11":{"start":{"line":46,"column":6},"end":{"line":46,"column":26}},"12":{"start":{"line":48,"column":6},"end":{"line":52,"column":8}},"13":{"start":{"line":54,"column":6},"end":{"line":54,"column":27}},"14":{"start":{"line":66,"column":25},"end":{"line":77,"column":3}},"15":{"start":{"line":67,"column":4},"end":{"line":69,"column":5}},"16":{"start":{"line":68,"column":6},"end":{"line":68,"column":23}},"17":{"start":{"line":72,"column":21},"end":{"line":72,"column":64}},"18":{"start":{"line":73,"column":4},"end":{"line":73,"column":41}},"19":{"start":{"line":73,"column":24},"end":{"line":73,"column":41}},"20":{"start":{"line":74,"column":4},"end":{"line":74,"column":41}},"21":{"start":{"line":74,"column":24},"end":{"line":74,"column":41}},"22":{"start":{"line":75,"column":4},"end":{"line":75,"column":41}},"23":{"start":{"line":75,"column":24},"end":{"line":75,"column":41}},"24":{"start":{"line":76,"column":4},"end":{"line":76,"column":21}},"25":{"start":{"line":85,"column":21},"end":{"line":140,"column":3}},"26":{"start":{"line":86,"column":24},"end":{"line":86,"column":44}},"27":{"start":{"line":91,"column":24},"end":{"line":97,"column":5}},"28":{"start":{"line":92,"column":6},"end":{"line":96,"column":7}},"29":{"start":{"line":93,"column":8},"end":{"line":93,"column":65}},"30":{"start":{"line":95,"column":8},"end":{"line":95,"column":72}},"31":{"start":{"line":99,"column":4},"end":{"line":139,"column":6}},"32":{"start":{"line":142,"column":2},"end":{"line":152,"column":3}},"33":{"start":{"line":143,"column":4},"end":{"line":151,"column":6}},"34":{"start":{"line":154,"column":2},"end":{"line":178,"column":4}},"35":{"start":{"line":163,"column":30},"end":{"line":163,"column":37}},"36":{"start":{"line":181,"column":15},"end":{"line":273,"column":2}},"37":{"start":{"line":276,"column":0},"end":{"line":280,"column":2}}},"fnMap":{"0":{"name":"(anonymous_0)","decl":{"start":{"line":22,"column":19},"end":{"line":22,"column":20}},"loc":{"start":{"line":22,"column":39},"end":{"line":179,"column":1}},"line":22},"1":{"name":"(anonymous_1)","decl":{"start":{"line":28,"column":12},"end":{"line":28,"column":13}},"loc":{"start":{"line":28,"column":18},"end":{"line":36,"column":3}},"line":28},"2":{"name":"(anonymous_2)","decl":{"start":{"line":29,"column":24},"end":{"line":29,"column":25}},"loc":{"start":{"line":29,"column":35},"end":{"line":35,"column":5}},"line":29},"3":{"name":"(anonymous_3)","decl":{"start":{"line":43,"column":20},"end":{"line":43,"column":21}},"loc":{"start":{"line":43,"column":32},"end":{"line":56,"column":3}},"line":43},"4":{"name":"(anonymous_4)","decl":{"start":{"line":66,"column":25},"end":{"line":66,"column":26}},"loc":{"start":{"line":66,"column":36},"end":{"line":77,"column":3}},"line":66},"5":{"name":"(anonymous_5)","decl":{"start":{"line":85,"column":21},"end":{"line":85,"column":22}},"loc":{"start":{"line":85,"column":35},"end":{"line":140,"column":3}},"line":85},"6":{"name":"(anonymous_6)","decl":{"start":{"line":91,"column":24},"end":{"line":91,"column":25}},"loc":{"start":{"line":91,"column":30},"end":{"line":97,"column":5}},"line":91},"7":{"name":"(anonymous_7)","decl":{"start":{"line":163,"column":22},"end":{"line":163,"column":23}},"loc":{"start":{"line":163,"column":30},"end":{"line":163,"column":37}},"line":163}},"branchMap":{"0":{"loc":{"start":{"line":67,"column":4},"end":{"line":69,"column":5}},"type":"if","locations":[{"start":{"line":67,"column":4},"end":{"line":69,"column":5}},{"start":{},"end":{}}],"line":67},"1":{"loc":{"start":{"line":73,"column":4},"end":{"line":73,"column":41}},"type":"if","locations":[{"start":{"line":73,"column":4},"end":{"line":73,"column":41}},{"start":{},"end":{}}],"line":73},"2":{"loc":{"start":{"line":74,"column":4},"end":{"line":74,"column":41}},"type":"if","locations":[{"start":{"line":74,"column":4},"end":{"line":74,"column":41}},{"start":{},"end":{}}],"line":74},"3":{"loc":{"start":{"line":75,"column":4},"end":{"line":75,"column":41}},"type":"if","locations":[{"start":{"line":75,"column":4},"end":{"line":75,"column":41}},{"start":{},"end":{}}],"line":75},"4":{"loc":{"start":{"line":117,"column":15},"end":{"line":117,"column":103}},"type":"cond-expr","locations":[{"start":{"line":117,"column":41},"end":{"line":117,"column":48}},{"start":{"line":117,"column":51},"end":{"line":117,"column":103}}],"line":117},"5":{"loc":{"start":{"line":142,"column":2},"end":{"line":152,"column":3}},"type":"if","locations":[{"start":{"line":142,"column":2},"end":{"line":152,"column":3}},{"start":{},"end":{}}],"line":142},"6":{"loc":{"start":{"line":142,"column":6},"end":{"line":142,"column":30}},"type":"binary-expr","locations":[{"start":{"line":142,"column":6},"end":{"line":142,"column":15}},{"start":{"line":142,"column":19},"end":{"line":142,"column":30}}],"line":142}},"s":{"0":1,"1":9,"2":9,"3":9,"4":9,"5":9,"6":7,"7":1,"8":9,"9":1,"10":1,"11":1,"12":0,"13":1,"14":9,"15":14,"16":7,"17":7,"18":7,"19":0,"20":7,"21":7,"22":0,"23":0,"24":0,"25":9,"26":14,"27":14,"28":1,"29":1,"30":0,"31":14,"32":9,"33":1,"34":8,"35":19,"36":1,"37":1},"f":{"0":9,"1":7,"2":1,"3":1,"4":14,"5":14,"6":1,"7":19},"b":{"0":[7,7],"1":[0,7],"2":[7,0],"3":[0,0],"4":[7,7],"5":[1,8],"6":[9,1]},"_coverageSchema":"1a1c01bbd47fc00a2c39e90264f33305004495a9","hash":"a64cf23627f8ba72fddda9c1551f9a466eab7cb1"}
,"C:\\Users\\Willy\\Downloads\\Bootcamp\\Assignments\\Capstone Project 2\\Capstone Project 2\\srcscreens\\LoginScreen.js": {"path":"C:\\Users\\Willy\\Downloads\\Bootcamp\\Assignments\\Capstone Project 2\\Capstone Project 2\\srcscreens\\LoginScreen.js","statementMap":{"0":{"start":{"line":17,"column":20},"end":{"line":149,"column":1}},"1":{"start":{"line":18,"column":28},"end":{"line":18,"column":40}},"2":{"start":{"line":19,"column":34},"end":{"line":19,"column":46}},"3":{"start":{"line":20,"column":36},"end":{"line":20,"column":51}},"4":{"start":{"line":21,"column":42},"end":{"line":21,"column":54}},"5":{"start":{"line":22,"column":42},"end":{"line":22,"column":57}},"6":{"start":{"line":24,"column":20},"end":{"line":24,"column":34}},"7":{"start":{"line":25,"column":20},"end":{"line":25,"column":30}},"8":{"start":{"line":27,"column":22},"end":{"line":67,"column":3}},"9":{"start":{"line":28,"column":4},"end":{"line":28,"column":24}},"10":{"start":{"line":30,"column":4},"end":{"line":33,"column":5}},"11":{"start":{"line":31,"column":6},"end":{"line":31,"column":57}},"12":{"start":{"line":32,"column":6},"end":{"line":32,"column":13}},"13":{"start":{"line":35,"column":4},"end":{"line":38,"column":5}},"14":{"start":{"line":36,"column":6},"end":{"line":36,"column":52}},"15":{"start":{"line":37,"column":6},"end":{"line":37,"column":13}},"16":{"start":{"line":40,"column":4},"end":{"line":40,"column":23}},"17":{"start":{"line":42,"column":4},"end":{"line":66,"column":5}},"18":{"start":{"line":43,"column":21},"end":{"line":43,"column":49}},"19":{"start":{"line":45,"column":6},"end":{"line":60,"column":7}},"20":{"start":{"line":47,"column":23},"end":{"line":47,"column":70}},"21":{"start":{"line":49,"column":8},"end":{"line":57,"column":9}},"22":{"start":{"line":50,"column":10},"end":{"line":50,"column":94}},"23":{"start":{"line":51,"column":15},"end":{"line":57,"column":9}},"24":{"start":{"line":52,"column":10},"end":{"line":52,"column":61}},"25":{"start":{"line":53,"column":15},"end":{"line":57,"column":9}},"26":{"start":{"line":54,"column":10},"end":{"line":54,"column":81}},"27":{"start":{"line":55,"column":15},"end":{"line":57,"column":9}},"28":{"start":{"line":56,"column":10},"end":{"line":56,"column":79}},"29":{"start":{"line":59,"column":8},"end":{"line":59,"column":34}},"30":{"start":{"line":62,"column":6},"end":{"line":62,"column":79}},"31":{"start":{"line":63,"column":6},"end":{"line":63,"column":27}},"32":{"start":{"line":65,"column":6},"end":{"line":65,"column":26}},"33":{"start":{"line":69,"column":2},"end":{"line":148,"column":4}},"34":{"start":{"line":110,"column":47},"end":{"line":110,"column":77}},"35":{"start":{"line":139,"column":27},"end":{"line":139,"column":58}},"36":{"start":{"line":151,"column":15},"end":{"line":234,"column":2}}},"fnMap":{"0":{"name":"(anonymous_0)","decl":{"start":{"line":17,"column":20},"end":{"line":17,"column":21}},"loc":{"start":{"line":17,"column":40},"end":{"line":149,"column":1}},"line":17},"1":{"name":"(anonymous_1)","decl":{"start":{"line":27,"column":22},"end":{"line":27,"column":23}},"loc":{"start":{"line":27,"column":34},"end":{"line":67,"column":3}},"line":27},"2":{"name":"(anonymous_2)","decl":{"start":{"line":110,"column":41},"end":{"line":110,"column":42}},"loc":{"start":{"line":110,"column":47},"end":{"line":110,"column":77}},"line":110},"3":{"name":"(anonymous_3)","decl":{"start":{"line":139,"column":21},"end":{"line":139,"column":22}},"loc":{"start":{"line":139,"column":27},"end":{"line":139,"column":58}},"line":139}},"branchMap":{"0":{"loc":{"start":{"line":30,"column":4},"end":{"line":33,"column":5}},"type":"if","locations":[{"start":{"line":30,"column":4},"end":{"line":33,"column":5}},{"start":{},"end":{}}],"line":30},"1":{"loc":{"start":{"line":35,"column":4},"end":{"line":38,"column":5}},"type":"if","locations":[{"start":{"line":35,"column":4},"end":{"line":38,"column":5}},{"start":{},"end":{}}],"line":35},"2":{"loc":{"start":{"line":45,"column":6},"end":{"line":60,"column":7}},"type":"if","locations":[{"start":{"line":45,"column":6},"end":{"line":60,"column":7}},{"start":{},"end":{}}],"line":45},"3":{"loc":{"start":{"line":47,"column":23},"end":{"line":47,"column":70}},"type":"binary-expr","locations":[{"start":{"line":47,"column":23},"end":{"line":47,"column":35}},{"start":{"line":47,"column":39},"end":{"line":47,"column":70}}],"line":47},"4":{"loc":{"start":{"line":49,"column":8},"end":{"line":57,"column":9}},"type":"if","locations":[{"start":{"line":49,"column":8},"end":{"line":57,"column":9}},{"start":{"line":51,"column":15},"end":{"line":57,"column":9}}],"line":49},"5":{"loc":{"start":{"line":51,"column":15},"end":{"line":57,"column":9}},"type":"if","locations":[{"start":{"line":51,"column":15},"end":{"line":57,"column":9}},{"start":{"line":53,"column":15},"end":{"line":57,"column":9}}],"line":51},"6":{"loc":{"start":{"line":53,"column":15},"end":{"line":57,"column":9}},"type":"if","locations":[{"start":{"line":53,"column":15},"end":{"line":57,"column":9}},{"start":{"line":55,"column":15},"end":{"line":57,"column":9}}],"line":53},"7":{"loc":{"start":{"line":55,"column":15},"end":{"line":57,"column":9}},"type":"if","locations":[{"start":{"line":55,"column":15},"end":{"line":57,"column":9}},{"start":{},"end":{}}],"line":55},"8":{"loc":{"start":{"line":71,"column":16},"end":{"line":71,"column":60}},"type":"cond-expr","locations":[{"start":{"line":71,"column":40},"end":{"line":71,"column":49}},{"start":{"line":71,"column":52},"end":{"line":71,"column":60}}],"line":71},"9":{"loc":{"start":{"line":73,"column":30},"end":{"line":73,"column":60}},"type":"cond-expr","locations":[{"start":{"line":73,"column":54},"end":{"line":73,"column":55}},{"start":{"line":73,"column":58},"end":{"line":73,"column":60}}],"line":73},"10":{"loc":{"start":{"line":82,"column":27},"end":{"line":82,"column":76}},"type":"cond-expr","locations":[{"start":{"line":82,"column":52},"end":{"line":82,"column":61}},{"start":{"line":82,"column":64},"end":{"line":82,"column":76}}],"line":82},"11":{"loc":{"start":{"line":82,"column":27},"end":{"line":82,"column":49}},"type":"binary-expr","locations":[{"start":{"line":82,"column":27},"end":{"line":82,"column":39}},{"start":{"line":82,"column":43},"end":{"line":82,"column":49}}],"line":82},"12":{"loc":{"start":{"line":98,"column":27},"end":{"line":98,"column":79}},"type":"cond-expr","locations":[{"start":{"line":98,"column":55},"end":{"line":98,"column":64}},{"start":{"line":98,"column":67},"end":{"line":98,"column":79}}],"line":98},"13":{"loc":{"start":{"line":98,"column":27},"end":{"line":98,"column":52}},"type":"binary-expr","locations":[{"start":{"line":98,"column":27},"end":{"line":98,"column":39}},{"start":{"line":98,"column":43},"end":{"line":98,"column":52}}],"line":98},"14":{"loc":{"start":{"line":112,"column":24},"end":{"line":112,"column":72}},"type":"cond-expr","locations":[{"start":{"line":112,"column":39},"end":{"line":112,"column":56}},{"start":{"line":112,"column":59},"end":{"line":112,"column":72}}],"line":112},"15":{"loc":{"start":{"line":120,"column":11},"end":{"line":125,"column":18}},"type":"cond-expr","locations":[{"start":{"line":121,"column":12},"end":{"line":124,"column":19}},{"start":{"line":12
[...]
,"C:\\Users\\Willy\\Downloads\\Bootcamp\\Assignments\\Capstone Project 2\\Capstone Project 2\\srcstore\\muscleStore.js": {"path":"C:\\Users\\Willy\\Downloads\\Bootcamp\\Assignments\\Capstone Project 2\\Capstone Project 2\\srcstore\\muscleStore.js","statementMap":{"0":{"start":{"line":6,"column":30},"end":{"line":268,"column":3}},"1":{"start":{"line":6,"column":52},"end":{"line":268,"column":1}},"2":{"start":{"line":13,"column":4},"end":{"line":13,"column":29}},"3":{"start":{"line":14,"column":4},"end":{"line":39,"column":5}},"4":{"start":{"line":15,"column":23},"end":{"line":15,"column":46}},"5":{"start":{"line":17,"column":6},"end":{"line":20,"column":7}},"6":{"start":{"line":18,"column":8},"end":{"line":18,"column":53}},"7":{"start":{"line":19,"column":8},"end":{"line":19,"column":15}},"8":{"start":{"line":23,"column":23},"end":{"line":25,"column":14}},"9":{"start":{"line":27,"column":22},"end":{"line":27,"column":24}},"10":{"start":{"line":28,"column":6},"end":{"line":33,"column":9}},"11":{"start":{"line":29,"column":8},"end":{"line":32,"column":11}},"12":{"start":{"line":35,"column":6},"end":{"line":35,"column":56}},"13":{"start":{"line":37,"column":6},"end":{"line":37,"column":53}},"14":{"start":{"line":38,"column":6},"end":{"line":38,"column":65}},"15":{"start":{"line":44,"column":4},"end":{"line":77,"column":5}},"16":{"start":{"line":45,"column":23},"end":{"line":45,"column":46}},"17":{"start":{"line":47,"column":6},"end":{"line":49,"column":7}},"18":{"start":{"line":48,"column":8},"end":{"line":48,"column":67}},"19":{"start":{"line":51,"column":18},"end":{"line":51,"column":28}},"20":{"start":{"line":52,"column":23},"end":{"line":61,"column":7}},"21":{"start":{"line":64,"column":21},"end":{"line":64,"column":71}},"22":{"start":{"line":67,"column":26},"end":{"line":67,"column":56}},"23":{"start":{"line":68,"column":6},"end":{"line":70,"column":10}},"24":{"start":{"line":68,"column":20},"end":{"line":70,"column":7}},"25":{"start":{"line":72,"column":6},"end":{"line":72,"column":31}},"26":{"start":{"line":74,"column":6},"end":{"line":74,"column":50}},"27":{"start":{"line":75,"column":6},"end":{"line":75,"column":44}},"28":{"start":{"line":76,"column":6},"end":{"line":76,"column":62}},"29":{"start":{"line":82,"column":4},"end":{"line":122,"column":5}},"30":{"start":{"line":83,"column":23},"end":{"line":83,"column":46}},"31":{"start":{"line":85,"column":6},"end":{"line":87,"column":7}},"32":{"start":{"line":86,"column":8},"end":{"line":86,"column":67}},"33":{"start":{"line":90,"column":20},"end":{"line":90,"column":62}},"34":{"start":{"line":90,"column":50},"end":{"line":90,"column":61}},"35":{"start":{"line":92,"column":6},"end":{"line":94,"column":7}},"36":{"start":{"line":93,"column":8},"end":{"line":93,"column":60}},"37":{"start":{"line":97,"column":6},"end":{"line":99,"column":7}},"38":{"start":{"line":98,"column":8},"end":{"line":98,"column":80}},"39":{"start":{"line":102,"column":26},"end":{"line":102,"column":40}},"40":{"start":{"line":103,"column":6},"end":{"line":105,"column":7}},"41":{"start":{"line":104,"column":8},"end":{"line":104,"column":110}},"42":{"start":{"line":108,"column":6},"end":{"line":108,"column":71}},"43":{"start":{"line":111,"column":6},"end":{"line":115,"column":10}},"44":{"start":{"line":111,"column":20},"end":{"line":115,"column":7}},"45":{"start":{"line":113,"column":10},"end":{"line":113,"column":73}},"46":{"start":{"line":117,"column":6},"end":{"line":117,"column":31}},"47":{"start":{"line":119,"column":6},"end":{"line":119,"column":52}},"48":{"start":{"line":120,"column":6},"end":{"line":120,"column":47}},"49":{"start":{"line":121,"column":6},"end":{"line":121,"column":65}},"50":{"start":{"line":127,"column":4},"end":{"line":159,"column":5}},"51":{"start":{"line":128,"column":23},"end":{"line":128,"column":46}},"52":{"start":{"line":130,"column":6},"end":{"line":132,"column":7}},"53":{"start":{"line":131,"column":8},"end":{"line":131,"column":67}},"54":{"start":{"line":135,"column":20},"end":{"line":135,"column":62}},"55":{"start":{"line":135,"column":50},"end":{"line":135,"column":61}},"56":{"start":{"line":137,"column":6},"end":{"line":139,"column":7}},"57":{"start":{"line":138,"column":8},"end":{"line":138,"column":60}},"58":{"start":{"line":142,"column":6},"end":{"line":144,"column":7}},"59":{"start":{"line":143,"column":8},"end":{"line":143,"column":80}},"60":{"start":{"line":147,"column":6},"end":{"line":147,"column":60}},"61":{"start":{"line":150,"column":6},"end":{"line":152,"column":10}},"62":{"start":{"line":150,"column":20},"end":{"line":152,"column":7}},"63":{"start":{"line":151,"column":58},"end":{"line":151,"column":72}},"64":{"start":{"line":154,"column":6},"end":{"line":154,"column":31}},"65":{"start":{"line":156,"column":6},"end":{"line":156,"column":52}},"66":{"start":{"line":157,"column":6},"end":{"line":157,"column":47}},"67":{"start":{"line":158,"column":6},"end":{"line":158,"column":65}},"68":{"start":{"line":164,"column":4},"end":{"line":218,"column":5}},"69":{"start":{"line":165,"column":23},"end":{"line":165,"column":46}},"70":{"start":{"line":167,"column":6},"end":{"line":169,"column":7}},"71":{"start":{"line":168,"column":8},"end":{"line":168,"column":67}},"72":{"start":{"line":172,"column":20},"end":{"line":172,"column":62}},"73":{"start":{"line":172,"column":50},"end":{"line":172,"column":61}},"74":{"start":{"line":174,"column":6},"end":{"line":176,"column":7}},"75":{"start":{"line":175,"column":8},"end":{"line":175,"column":60}},"76":{"start":{"line":179,"column":6},"end":{"line":181,"column":7}},"77":{"start":{"line":180,"column":8},"end":{"line":180,"column":80}},"78":{"start":{"line":183,"column":26},"end":{"line":183,"column":52}},"79":{"start":{"line":184,"column":27},"end":{"line":187,"column":7}},"80":{"start":{"line":189,"column":26},"end":{"line":193,"column":7}},"81":{"start":{"line":196,"column":6},"end":{"line":196,"column":71}},"82":{"start":{"line":199,"column":6},"end":{"line":211,"column":10}},"83":{"start":{"line":199,"column":20},"end":{"line":211,"column":7}},"84":{"start":{"line":201,"column":10},"end":{"line":208,"column":11}},"85":{"start":{"line":202,"column":12},"end":{"line":207,"column":14}},"86":{"start":{"line":209,"column":10},"end":{"line":209,"column":22}},"87":{"start":{"line":213,"column":6},"end":{"line":213,"column":31}},"88":{"start":{"line":215,"column":6},"end":{"line":215,"column":57}},"89":{"start":{"line":216,"column":6},"end":{"line":216,"column":51}},"90":{"start":{"line":217,"column":6},"end":{"line":217,"column":69}},"91":{"start":{"line":223,"column":4},"end":{"line":266,"column":5}},"92":{"start":{"line":224,"column":23},"end":{"line":224,"column":46}},"93":{"start":{"line":226,"column":6},"end":{"line":228,"column":7}},"94":{"start":{"line":227,"column":8},"end":{"line":227,"column":67}},"95":{"start":{"line":231,"column":20},"end":{"line":231,"column":62}},"96":{"start":{"line":231,"column":50},"end":{"line":231,"column":61}},"97":{"start":{"line":233,"column":6},"end":{"line":235,"column":7}},"98":{"start":{"line":234,"column":8},"end":{"line":234,"column":60}},"99":{"start":{"line":238,"column":6},"end":{"line":240,"column":7}},"100":{"start":{"line":239,"column":8},"end":{"line":239,"column":80}},"101":{"start":{"line":242,"column":18},"end":{"line":242,"column":28}},"102":{"start":{"line":243,"column":26},"end":{"line":249,"column":7}},"103":{"start":{"line":252,"column":6},"end":{"line":252,"column":71}},"104":{"start":{"line":255,"column":6},"end":{"line":259,"column":10}},"105":{"start":{"line":255,"column":20},"end":{"line":259,"column":7}},"106":{"start":{"line":257,"column":10},"end":{"line":257,"column":61}},"107":{"start":{"line":261,"column":6},"end":{"line":261,"column":31}},"108":{"start":{"line":263,"column":6},"end":{"line":263,"column":56}},"109":{"start":{"line":264,"column":6},"end":{"line":264,"column":50}},"110":{"start":{"line":265,"column":6},"end":{"line":265,"column":68}}},"fnMap":{"0":{"name":"(anonymous_0)","decl":{"start":{"line":6,"column":37},"end":{"line":6,"column":38}},"loc":{"start":{"line":6,"column":52},"end":{"line":268,"column":1}},"line":6},"1":{"name":"(anonymous_1)","decl":{"start":{"line":12,"column":15},"end":{"line":12,"column":16}},"loc":{"start":{"line":12,"column":27},"end":{"line":40,"column":3}},"line":12},"2":{"name":"(anonymous_2)","decl":{"start":{"line":28,"column":23},"end":{"line":28,"column":24}},"loc":{"start":{"line":28,"column":32},"end":{"line":33,"column":7}},"line":28},"3":{"name":"(anonymous_3)","decl":{"start":{"line":43,"column":12},"end":{"line":43,"column":13}},"loc":{"start":{"line":43,"column":29},"end":{"line":78,"column":3}},"line":43},"4":{"name":"(anonymous_4)","decl":{"start":{"line":68,"column":10},"end":{"line":68,"column":11}},"loc":{"start":{"line":68,"column":20},"end":{"line":70,"column":7}},"line":68},"5":{"name":"(anonymous_5)","decl":{"start":{"line":81,"column":15},"end":{"line":81,"column":16}},"loc":{"start":{"line":81,"column":38},"end":{"line":123,"column":3}},"line":81},"6":{"name":"(anonymous_6)","decl":{"start":{"line":90,"column":45},"end":{"line":90,"column":46}},"loc":{"start":{"line":90,"column":50},"end":{"line":90,"column":61}},"line":90},"7":{"name":"(anonymous_7)","decl":{"start":{"line":111,"column":10},"end":{"line":111,"column":11}},"loc":{"start":{"line":111,"column":20},"end":{"line":115,"column":7}},"line":111},"8":{"name":"(anonymous_8)","decl":{"start":{"line":112,"column":47},"end":{"line":112,"column":48}},"loc":{"start":{"line":113,"column":10},"end":{"line":113,"column":73}},"line":113},"9":{"name":"(anonymous_9)","decl":{"start":{"line":126,"column":15},"end":{"line":126,"column":16}},"loc":{"start":{"line":126,"column":29},"end":{"line":160,"column":3}},"line":126},"10":{"name":"(anonymous_10)","decl":{"start":{"line":135,"column":45},"end":{"line":135,"column":46}},"loc":{"start":{"line":135,"column":50},"end":{"line":135,"column":61}},"line":135},"11":{"name":"(anonymous_11)","decl":{"start":{"line":150,"column":10},"end":{"line":150,"column":11}},"loc":{"start":{"line":150,"column":20},"end":{"line":152,"column":7}},"line":150},"12":{"name":"(anonymous_12)","decl":{"start":{"line":151,"column":50},"end":{"line":151,"column":51}},"loc":{"start":{"line":151,"column":58},"end":{"line":151,"column":72}},"line":151},"13":{"name":"(anonymous_13)","decl":{"start":{"line":163,"column":18},"end":{"line":163,"column":19}},"loc":{"start":{"line":163,"column":43},"end":{"line":219,"column":3}},"line":163},"14":{"name":"(anonymous_14)","decl":{"start":{"line":172,"column":45},"end":{"line":172,"column":46}},"loc":{"start":{"line":172,"column":50},"end":{"line":172,"column":61}},"line":172},"15":{"name":"(anonymous_15)","decl":{"start":{"line":199,"column":10},"end":{"line":199,"column":11}},"loc":{"start":{"line":199,"column":20},"end":{"line":211,"column":7}},"line":199},"16":{"name":"(anonymous_16)","decl":{"start":{"line":200,"column":47},"end":{"line":200,"column":48}},"loc":{"start":{"line":200,"column":55},"end":{"line":210,"column":9}},"line":200},"17":{"name":"(anonymous_17)","decl":{"start":{"line":222,"column":17},"end":{"line":222,"column":18}},"loc":{"start":{"line":222,"column":31},"end":{"line":267,"column":3}},"line":222},"18":{"name":"(anonymous_18)","decl":{"start":{"line":231,"column":45},"end":{"line":231,"column":46}},"loc":{"start":{"line":231,"column":50},"end":{"line":231,"column":61}},"line":231},"19":{"name":"(anonymous_19)","decl":{"start":{"line":255,"column":10},"end":{"line":255,"column":11}},"loc":{"start":{"line":255,"column":20},"end":{"line":259,"column":7}},"line":255},"20":{"name":"(anonymous_20)","decl":{"start":{"line":256,"column":47},"end":{"line":256,"column":48}},"loc":{"start":{"line":257,"column":10},"end":{"line":257,"column":61}},"line":257}},"branchMap":{"0":{"loc":{"start":{"line":17,"column":6},"end":{"line":20,"column":7}},"type":"if","locations":[{"start":{"line":17,"column":6},"end":{"line":20,"column":7}},{"start":{},"end":{}}],"line":17},"1":{"loc":{"start":{"line":17,"column":10},"end":{"line":17,"column":28}},"type":"binary-expr","locations":[{"start":{"line":17,"column":10},"end":{"line":17,"column":15}},{"start":{"line":17,"column":19},"end":{"line":17,"column":28}}],"line":17},"2":{"loc":{"start":{"line":47,"column":6},"end":{"line":49,"column":7}},"type":"if","locations":[{"start":{"line":47,"column":6},"end":{"line":49,"column":7}},{"start":{},"end":{}}],"line":47},"3":{"loc":{"start":{"line":47,"column":10},"end":{"line":47,"column":28}},"type":"binary-expr","locations":[{"start":{"line":47,"column":10},"end":{"line":47,"column":15}},{"start":{"line":47,"column":19},"end":{"line":47,"column":28}}],"line":47},"4":{"loc":{"start":{"line":85,"column":6},"end":{"line":87,"column":7}},"type":"if","locations":[{"start":{"line":85,"column":6},"end":{"line":87,"column":7}},{"start":{},"end":{}}],"line":85},"5":{"loc":{"start":{"line":85,"column":10},"end":{"line":85,"column":28}},"type":"binary-expr","locations":[{"start":{"line":85,"column":10},"end":{"line":85,"column":15}},{"start":{"line":85,"column":19},"end":{"line":85,"column":28}}],"line":85},"6":{"loc":{"start":{"line":92,"column":6},"end":{"line":94,"column":7}},"type":"if","locations":[{"start":{"line":92,"column":6},"end":{"line":94,"column":7}},{"start":{},"end":{}}],"line":92},"7":{"loc":{"start":{"line":97,"column":6},"end":{"line":99,"column":7}},"type":"if","locations":[{"start":{"line":97,"column":6},"end":{"line":99,"column":7}},{"start":{},"end":{}}],"line":97},"8":{"loc":{"start":{"line":103,"column":6},"end":{"line":105,"column":7}},"type":"if","locations":[{"start":{"line":103,"column":6},"end":{"line":105,"column":7}},{"start":{},"end":{}}],"line":103},"9":{"loc":{"start":{"line":103,"column":10},"end":{"line":103,"column":77}},"type":"binary-expr","locations":[{"start":{"line":103,"column":10},"end":{"line":103,"column":30}},{"start":{"line":103,"column":34},"end":{"line":103,"column":77}}],"line":103},"10":{"loc":{"start":{"line":113,"column":10},"end":{"line":113,"column":73}},"type":"cond-expr","locations":[{"start":{"line":113,"column":27},"end":{"line":113,"column":66}},{"start":{"line":113,"column":69},"end":{"line":113,"column":73}}],"line":113},"11":{"loc":{"start":{"line":130,"column":6},"end":{"line":132,"column":7}},"type":"if","locations":[{"start":{"line":130,"column":6},"end":{"line":132,"column":7}},{"start":{},"end":{}}],"line":130},"12":{"loc":{"start":{"line":130,"column":10},"end":{"line":130,"column":28}},"type":"binary-expr","locations":[{"start":{"line":130,"column":10},"end":{"line":130,"column":15}},{"start":{"line":130,"column":19},"end":{"line":130,"column":28}}],"line":130},"13":{"loc":{"start":{"line":137,"column":6},"end":{"line":139,"column":7}},"type":"if","locations":[{"start":{"line":137,"column":6},"end":{"line":139,"column":7}},{"start":{},"end":{}}],"line":137},"14":{"loc":{"start":{"line":142,"column":6},"end":{"line":144,"column":7}},"type":"if","locations":[{"start":{"line":142,"column":6},"end":{"line":144,"column":7}},{"start":{},"end":{}}],"line":142},"15":{"loc":{"start":{"line":163,"column":29},"end":{"line":163,"column":38}},"type":"default-arg","locations":[{"start":{"line":163,"column":36},"end":{"line":163,"column":38}}],"line":163},"16":{"loc":{"start":{"line":167,"column":6},"end":{"line":169,"column":7}},"type":"if","locations":[{"start":{"line":167,"column":6},"end":{"line":169,"column":7}},{"start":{},"end":{}}],"line":167},"17":{"loc":{"start":{"line":167,"column":10},"end":{"line":167,"column":28}},"type":"binary-expr","locations":[{"start":{"line":167,"column":10},"end":{"line":167,"column":15}},{"start":{"line":167,"column":19},"end":{"line":167,"column":28}}],"line":167},"18":{"loc":{"start":{"line":174,"column":6},"end":{"line":176,"column":7}},"type":"if","locations":[{"start":{"line":174,"column":6},"end":{"line":176,"column":7}},{"start":{},"end":{}}],"line":174},"19":{"loc":{"start":{"line":179,"column":6},"end":{"line":181,"column":7}},"type":"if","locations":[{"start":{"line":179,"column":6},"end":{"line":181,"column":7}},{"start":{},"end":{}}],"line":179},"20":{"loc":{"start":{"line":192,"column":16},"end":{"line":192,"column":74}},"type":"cond-expr","locations":[{"start":{"line":192,"column":52},"end":{"line":192,"column":59}},{"start":{"line":192,"column":62},"end":{"line":192,"column":74}}],"line":192},"21":{"loc":{"start":{"line":201,"column":10},"end":{"line":208,"column":11}},"type":"if","locations":[{"start":{"line":201,"column":10},"end":{"line":208,"column":11}},{"start":{},"end":{}}],"line":201},"22":{"loc":{"start":{"line":206,"column":22},"end":{"line":206,"column":79}},"type":"cond-expr","locations":[{"start":{"line":206,"column":57},"end":{"line":206,"column":64}},{"start":{"line":206,"column":67},"end":{"line":206,"column":79}}],"line":206},"23":{"loc":{"start":{"line":226,"column":6},"end":{"line":228,"column":7}},"type":"if","locations":[{"start":{"line":226,"column":6},"end":{"line":228,"column":7}},{"start":{},"end":{}}],"line":226},"24":{"loc":{"start":{"line":226,"column":10},"end":{"line":226,"column":28}},"type":"binary-expr","locations":[{"start":{"line":226,"column":10},"end":{"line":226,"column":15}},{"start":{"line":226,"column":19},"end":{"line":226,"column":28}}],"line":226},"25":{"loc":{"start":{"line":233,"column":6},"end":{"line":235,"column":7}},"type":"if","locations":[{"start":{"line":233,"column":6},"end":{"line":235,"column":7}},{"start":{},"end":{}}],"line":233},"26":{"loc":{"start":{"line":238,"column":6},"end":{"line":240,"column":7}},"type":"if","locations":[{"start":{"line":238,"column":6},"end":{"line":240,"column":7}},{"start":{},"end":{}}],"line":238},"27":{"loc":{"start":{"line":257,"column":10},"end":{"line":257,"column":61}},"type":"cond-expr","locations":[{"start":{"line":257,"column":27},"end":{"line":257,"column":54}},{"start":{"line":257,"column":57},"end":{"line":257,"column":61}}],"line":257}},"s":{"0":0,"1":0,"2":0,"3":0,"4":0,"5":0,"6":0,"7":0,"8":0,"9":0,"10":0,"11":0,"12":0,"13":0,"14":0,"15":0,"16":0,"17":0,"18":0,"19":0,"20":0,"21":0,"22":0,"23":0,"24":0,"25":0,"26":0,"27":0,"28":0,"29":0,"30":0,"31":0,"32":0,"33":0,"34":0,"35":0,"36":0,"37":0,"38":0,"39":0,"40":0,"41":0,"42":0,"43":0,"44":0,"45":0,"46":0,"47":0,"48":0,"49":0,"50":0,"51":0,"52":0,"53":0,"54":0,"55":0,"56":0,"57":0,"58":0,"59":0,"60":0,"61":0,"62":0,"63":0,"64":0,"65":0,"66":0,"67":0,"68":0,"69":0,"70":0,"71":0,"72":0,"73":0,"74":0,"75":0,"76":0,"77":0,"78":0,"79":0,"80":0,"81":0,"82":0,"83":0,"84":0,"85":0,"86":0,"87":0,"88":0,"89":0,"90":0,"91":0,"92":0,"93":0,"94":0,"95":0,"96":0,"97":0,"98":0,"99":0,"100":0,"101":0,"102":0,"103":0,"104":0,"105":0,"106":0,"107":0,"108":0,"109":0,"110":0},"f":{"0":0,"1":0,"2":0,"3":0,"4":0,"5":0,"6":0,"7":0,"8":0,"9":0,"10":0,"11":0,"12":0,"13":0,"14":0,"15":0,"16":0,"17":0,"18":0,"19":0,"20":0},"b":{"0":[0,0],"1":[0,0],"2":[0,0],"3":[0,0],"4":[0,0],"5":[0,0],"6":[0,0],"7":[0,0],"8":[0,0],"9":[0,0],"10":[0,0],"11":[0,0],"12":[0,0],"13":[0,0],"14":[0,0],"15":[0],"16":[0,0],"17":[0,0],"18":[0,0],"19":[0,0],"20":[0,0],"21":[0,0],"22":[0,0],"23":[0,0],"24":[0,0],"25":[0,0],"26":[0,0],"27":[0,0]}}
}
